{"D:\\CODEBLACK\\Practice\\login-app\\src\\App.js": {"path":"D:\\CODEBLACK\\Practice\\login-app\\src\\App.js","statementMap":{"0":{"start":{"line":17,"column":13},"end":{"line":17,"column":61}},"1":{"start":{"line":17,"column":24},"end":{"line":17,"column":60}},"2":{"start":{"line":18,"column":20},"end":{"line":20,"column":1}},"3":{"start":{"line":19,"column":2},"end":{"line":19,"column":52}},"4":{"start":{"line":21,"column":21},"end":{"line":23,"column":1}},"5":{"start":{"line":22,"column":2},"end":{"line":22,"column":54}},"6":{"start":{"line":24,"column":20},"end":{"line":26,"column":1}},"7":{"start":{"line":25,"column":2},"end":{"line":25,"column":52}},"8":{"start":{"line":27,"column":18},"end":{"line":27,"column":70}},"9":{"start":{"line":27,"column":29},"end":{"line":27,"column":69}},"10":{"start":{"line":28,"column":20},"end":{"line":28,"column":74}},"11":{"start":{"line":28,"column":31},"end":{"line":28,"column":73}},"12":{"start":{"line":29,"column":23},"end":{"line":31,"column":1}},"13":{"start":{"line":30,"column":2},"end":{"line":30,"column":47}},"14":{"start":{"line":32,"column":21},"end":{"line":32,"column":76}},"15":{"start":{"line":32,"column":32},"end":{"line":32,"column":75}},"16":{"start":{"line":33,"column":16},"end":{"line":33,"column":68}},"17":{"start":{"line":33,"column":27},"end":{"line":33,"column":67}},"18":{"start":{"line":34,"column":18},"end":{"line":34,"column":70}},"19":{"start":{"line":34,"column":29},"end":{"line":34,"column":69}},"20":{"start":{"line":35,"column":17},"end":{"line":35,"column":68}},"21":{"start":{"line":35,"column":28},"end":{"line":35,"column":67}},"22":{"start":{"line":36,"column":17},"end":{"line":36,"column":67}},"23":{"start":{"line":36,"column":28},"end":{"line":36,"column":66}},"24":{"start":{"line":38,"column":2},"end":{"line":61,"column":4}}},"fnMap":{"0":{"name":"(anonymous_0)","decl":{"start":{"line":17,"column":18},"end":{"line":17,"column":19}},"loc":{"start":{"line":17,"column":24},"end":{"line":17,"column":60}},"line":17},"1":{"name":"(anonymous_1)","decl":{"start":{"line":18,"column":25},"end":{"line":18,"column":26}},"loc":{"start":{"line":19,"column":2},"end":{"line":19,"column":52}},"line":19},"2":{"name":"(anonymous_2)","decl":{"start":{"line":21,"column":26},"end":{"line":21,"column":27}},"loc":{"start":{"line":22,"column":2},"end":{"line":22,"column":54}},"line":22},"3":{"name":"(anonymous_3)","decl":{"start":{"line":24,"column":25},"end":{"line":24,"column":26}},"loc":{"start":{"line":25,"column":2},"end":{"line":25,"column":52}},"line":25},"4":{"name":"(anonymous_4)","decl":{"start":{"line":27,"column":23},"end":{"line":27,"column":24}},"loc":{"start":{"line":27,"column":29},"end":{"line":27,"column":69}},"line":27},"5":{"name":"(anonymous_5)","decl":{"start":{"line":28,"column":25},"end":{"line":28,"column":26}},"loc":{"start":{"line":28,"column":31},"end":{"line":28,"column":73}},"line":28},"6":{"name":"(anonymous_6)","decl":{"start":{"line":29,"column":28},"end":{"line":29,"column":29}},"loc":{"start":{"line":30,"column":2},"end":{"line":30,"column":47}},"line":30},"7":{"name":"(anonymous_7)","decl":{"start":{"line":32,"column":26},"end":{"line":32,"column":27}},"loc":{"start":{"line":32,"column":32},"end":{"line":32,"column":75}},"line":32},"8":{"name":"(anonymous_8)","decl":{"start":{"line":33,"column":21},"end":{"line":33,"column":22}},"loc":{"start":{"line":33,"column":27},"end":{"line":33,"column":67}},"line":33},"9":{"name":"(anonymous_9)","decl":{"start":{"line":34,"column":23},"end":{"line":34,"column":24}},"loc":{"start":{"line":34,"column":29},"end":{"line":34,"column":69}},"line":34},"10":{"name":"(anonymous_10)","decl":{"start":{"line":35,"column":22},"end":{"line":35,"column":23}},"loc":{"start":{"line":35,"column":28},"end":{"line":35,"column":67}},"line":35},"11":{"name":"(anonymous_11)","decl":{"start":{"line":36,"column":22},"end":{"line":36,"column":23}},"loc":{"start":{"line":36,"column":28},"end":{"line":36,"column":66}},"line":36},"12":{"name":"App","decl":{"start":{"line":37,"column":9},"end":{"line":37,"column":12}},"loc":{"start":{"line":37,"column":15},"end":{"line":62,"column":1}},"line":37}},"branchMap":{},"s":{"0":0,"1":0,"2":0,"3":0,"4":0,"5":0,"6":0,"7":0,"8":0,"9":0,"10":0,"11":0,"12":0,"13":0,"14":0,"15":0,"16":0,"17":0,"18":0,"19":0,"20":0,"21":0,"22":0,"23":0,"24":0},"f":{"0":0,"1":0,"2":0,"3":0,"4":0,"5":0,"6":0,"7":0,"8":0,"9":0,"10":0,"11":0,"12":0},"b":{}}
,"D:\\CODEBLACK\\Practice\\login-app\\src\\Layout.js": {"path":"D:\\CODEBLACK\\Practice\\login-app\\src\\Layout.js","statementMap":{"0":{"start":{"line":8,"column":2},"end":{"line":16,"column":4}}},"fnMap":{"0":{"name":"Layout","decl":{"start":{"line":7,"column":24},"end":{"line":7,"column":30}},"loc":{"start":{"line":7,"column":33},"end":{"line":17,"column":1}},"line":7}},"branchMap":{},"s":{"0":0},"f":{"0":0},"b":{}}
,"D:\\CODEBLACK\\Practice\\login-app\\src\\index.js": {"path":"D:\\CODEBLACK\\Practice\\login-app\\src\\index.js","statementMap":{"0":{"start":{"line":13,"column":0},"end":{"line":13,"column":29}},"1":{"start":{"line":14,"column":0},"end":{"line":14,"column":29}},"2":{"start":{"line":16,"column":13},"end":{"line":16,"column":65}},"3":{"start":{"line":17,"column":0},"end":{"line":29,"column":2}},"4":{"start":{"line":34,"column":0},"end":{"line":34,"column":18}}},"fnMap":{},"branchMap":{},"s":{"0":0,"1":0,"2":0,"3":0,"4":0},"f":{},"b":{}}
,"D:\\CODEBLACK\\Practice\\login-app\\src\\reportWebVitals.js": {"path":"D:\\CODEBLACK\\Practice\\login-app\\src\\reportWebVitals.js","statementMap":{"0":{"start":{"line":1,"column":24},"end":{"line":11,"column":1}},"1":{"start":{"line":2,"column":2},"end":{"line":10,"column":3}},"2":{"start":{"line":3,"column":4},"end":{"line":9,"column":7}},"3":{"start":{"line":4,"column":6},"end":{"line":4,"column":26}},"4":{"start":{"line":5,"column":6},"end":{"line":5,"column":26}},"5":{"start":{"line":6,"column":6},"end":{"line":6,"column":26}},"6":{"start":{"line":7,"column":6},"end":{"line":7,"column":26}},"7":{"start":{"line":8,"column":6},"end":{"line":8,"column":27}}},"fnMap":{"0":{"name":"(anonymous_0)","decl":{"start":{"line":1,"column":24},"end":{"line":1,"column":25}},"loc":{"start":{"line":1,"column":39},"end":{"line":11,"column":1}},"line":1},"1":{"name":"(anonymous_1)","decl":{"start":{"line":3,"column":30},"end":{"line":3,"column":31}},"loc":{"start":{"line":3,"column":79},"end":{"line":9,"column":5}},"line":3}},"branchMap":{"0":{"loc":{"start":{"line":2,"column":2},"end":{"line":10,"column":3}},"type":"if","locations":[{"start":{"line":2,"column":2},"end":{"line":10,"column":3}},{"start":{},"end":{}}],"line":2},"1":{"loc":{"start":{"line":2,"column":6},"end":{"line":2,"column":52}},"type":"binary-expr","locations":[{"start":{"line":2,"column":6},"end":{"line":2,"column":17}},{"start":{"line":2,"column":21},"end":{"line":2,"column":52}}],"line":2}},"s":{"0":0,"1":0,"2":0,"3":0,"4":0,"5":0,"6":0,"7":0},"f":{"0":0,"1":0},"b":{"0":[0,0],"1":[0,0]}}
,"D:\\CODEBLACK\\Practice\\login-app\\src\\app\\store.js": {"path":"D:\\CODEBLACK\\Practice\\login-app\\src\\app\\store.js","statementMap":{"0":{"start":{"line":7,"column":21},"end":{"line":17,"column":2}},"1":{"start":{"line":15,"column":4},"end":{"line":15,"column":54}}},"fnMap":{"0":{"name":"(anonymous_0)","decl":{"start":{"line":14,"column":14},"end":{"line":14,"column":15}},"loc":{"start":{"line":15,"column":4},"end":{"line":15,"column":54}},"line":15}},"branchMap":{},"s":{"0":0,"1":0},"f":{"0":0},"b":{}}
,"D:\\CODEBLACK\\Practice\\login-app\\src\\components\\Footer\\Footer.jsx": {"path":"D:\\CODEBLACK\\Practice\\login-app\\src\\components\\Footer\\Footer.jsx","statementMap":{"0":{"start":{"line":3,"column":36},"end":{"line":3,"column":42}},"1":{"start":{"line":4,"column":15},"end":{"line":15,"column":1}},"2":{"start":{"line":5,"column":2},"end":{"line":14,"column":4}}},"fnMap":{"0":{"name":"(anonymous_0)","decl":{"start":{"line":4,"column":15},"end":{"line":4,"column":16}},"loc":{"start":{"line":4,"column":21},"end":{"line":15,"column":1}},"line":4}},"branchMap":{},"s":{"0":0,"1":0,"2":0},"f":{"0":0},"b":{}}
,"D:\\CODEBLACK\\Practice\\login-app\\src\\components\\Header\\Header.jsx": {"path":"D:\\CODEBLACK\\Practice\\login-app\\src\\components\\Header\\Header.jsx","statementMap":{"0":{"start":{"line":5,"column":36},"end":{"line":5,"column":42}},"1":{"start":{"line":6,"column":15},"end":{"line":9,"column":3}},"2":{"start":{"line":6,"column":38},"end":{"line":9,"column":1}},"3":{"start":{"line":10,"column":15},"end":{"line":38,"column":1}},"4":{"start":{"line":11,"column":19},"end":{"line":11,"column":32}},"5":{"start":{"line":12,"column":19},"end":{"line":12,"column":32}},"6":{"start":{"line":13,"column":2},"end":{"line":37,"column":4}},"7":{"start":{"line":29,"column":10},"end":{"line":29,"column":30}}},"fnMap":{"0":{"name":"(anonymous_0)","decl":{"start":{"line":6,"column":28},"end":{"line":6,"column":29}},"loc":{"start":{"line":6,"column":38},"end":{"line":9,"column":1}},"line":6},"1":{"name":"(anonymous_1)","decl":{"start":{"line":10,"column":15},"end":{"line":10,"column":16}},"loc":{"start":{"line":10,"column":21},"end":{"line":38,"column":1}},"line":10},"2":{"name":"(anonymous_2)","decl":{"start":{"line":28,"column":17},"end":{"line":28,"column":18}},"loc":{"start":{"line":28,"column":28},"end":{"line":30,"column":9}},"line":28}},"branchMap":{"0":{"loc":{"start":{"line":25,"column":10},"end":{"line":25,"column":65}},"type":"binary-expr","locations":[{"start":{"line":25,"column":10},"end":{"line":25,"column":58}},{"start":{"line":25,"column":62},"end":{"line":25,"column":65}}],"line":25}},"s":{"0":0,"1":0,"2":0,"3":0,"4":0,"5":0,"6":0,"7":0},"f":{"0":0,"1":0,"2":0},"b":{"0":[0,0]}}
,"D:\\CODEBLACK\\Practice\\login-app\\src\\components\\Home\\Home.jsx": {"path":"D:\\CODEBLACK\\Practice\\login-app\\src\\components\\Home\\Home.jsx","statementMap":{"0":{"start":{"line":19,"column":43},"end":{"line":19,"column":49}},"1":{"start":{"line":20,"column":15},"end":{"line":23,"column":3}},"2":{"start":{"line":20,"column":45},"end":{"line":23,"column":1}},"3":{"start":{"line":24,"column":15},"end":{"line":43,"column":2}},"4":{"start":{"line":25,"column":2},"end":{"line":42,"column":4}},"5":{"start":{"line":44,"column":13},"end":{"line":126,"column":1}},"6":{"start":{"line":47,"column":6},"end":{"line":47,"column":22}},"7":{"start":{"line":48,"column":19},"end":{"line":48,"column":32}},"8":{"start":{"line":49,"column":19},"end":{"line":49,"column":32}},"9":{"start":{"line":51,"column":19},"end":{"line":51,"column":32}},"10":{"start":{"line":53,"column":26},"end":{"line":53,"column":74}},"11":{"start":{"line":55,"column":4},"end":{"line":57,"column":17}},"12":{"start":{"line":58,"column":38},"end":{"line":58,"column":73}},"13":{"start":{"line":60,"column":2},"end":{"line":62,"column":21}},"14":{"start":{"line":61,"column":4},"end":{"line":61,"column":45}},"15":{"start":{"line":63,"column":2},"end":{"line":63,"column":40}},"16":{"start":{"line":65,"column":2},"end":{"line":125,"column":4}},"17":{"start":{"line":102,"column":14},"end":{"line":102,"column":39}},"18":{"start":{"line":103,"column":14},"end":{"line":103,"column":34}}},"fnMap":{"0":{"name":"(anonymous_0)","decl":{"start":{"line":20,"column":35},"end":{"line":20,"column":36}},"loc":{"start":{"line":20,"column":45},"end":{"line":23,"column":1}},"line":20},"1":{"name":"(anonymous_1)","decl":{"start":{"line":24,"column":56},"end":{"line":24,"column":57}},"loc":{"start":{"line":24,"column":67},"end":{"line":43,"column":1}},"line":24},"2":{"name":"(anonymous_2)","decl":{"start":{"line":44,"column":13},"end":{"line":44,"column":14}},"loc":{"start":{"line":44,"column":19},"end":{"line":126,"column":1}},"line":44},"3":{"name":"(anonymous_3)","decl":{"start":{"line":60,"column":12},"end":{"line":60,"column":13}},"loc":{"start":{"line":60,"column":18},"end":{"line":62,"column":3}},"line":60},"4":{"name":"(anonymous_4)","decl":{"start":{"line":101,"column":21},"end":{"line":101,"column":22}},"loc":{"start":{"line":101,"column":32},"end":{"line":104,"column":13}},"line":101}},"branchMap":{"0":{"loc":{"start":{"line":30,"column":6},"end":{"line":41,"column":14}},"type":"cond-expr","locations":[{"start":{"line":31,"column":10},"end":{"line":40,"column":11}},{"start":{"line":41,"column":10},"end":{"line":41,"column":14}}],"line":30},"1":{"loc":{"start":{"line":55,"column":4},"end":{"line":57,"column":17}},"type":"cond-expr","locations":[{"start":{"line":56,"column":8},"end":{"line":56,"column":37}},{"start":{"line":57,"column":8},"end":{"line":57,"column":17}}],"line":55},"2":{"loc":{"start":{"line":58,"column":47},"end":{"line":58,"column":72}},"type":"binary-expr","locations":[{"start":{"line":58,"column":47},"end":{"line":58,"column":59}},{"start":{"line":58,"column":63},"end":{"line":58,"column":72}}],"line":58},"3":{"loc":{"start":{"line":61,"column":18},"end":{"line":61,"column":43}},"type":"binary-expr","locations":[{"start":{"line":61,"column":18},"end":{"line":61,"column":30}},{"start":{"line":61,"column":34},"end":{"line":61,"column":43}}],"line":61},"4":{"loc":{"start":{"line":96,"column":30},"end":{"line":96,"column":68}},"type":"binary-expr","locations":[{"start":{"line":96,"column":30},"end":{"line":96,"column":57}},{"start":{"line":96,"column":61},"end":{"line":96,"column":68}}],"line":96},"5":{"loc":{"start":{"line":113,"column":11},"end":{"line":113,"column":50}},"type":"binary-expr","locations":[{"start":{"line":113,"column":11},"end":{"line":113,"column":35}},{"start":{"line":113,"column":39},"end":{"line":113,"column":50}}],"line":113},"6":{"loc":{"start":{"line":114,"column":11},"end":{"line":114,"column":55}},"type":"binary-expr","locations":[{"start":{"line":114,"column":11},"end":{"line":114,"column":38}},{"start":{"line":114,"column":42},"end":{"line":114,"column":55}}],"line":114},"7":{"loc":{"start":{"line":115,"column":11},"end":{"line":115,"column":55}},"type":"binary-expr","locations":[{"start":{"line":115,"column":11},"end":{"line":115,"column":36}},{"start":{"line":115,"column":40},"end":{"line":115,"column":55}}],"line":115},"8":{"loc":{"start":{"line":116,"column":11},"end":{"line":116,"column":66}},"type":"binary-expr","locations":[{"start":{"line":116,"column":11},"end":{"line":116,"column":44}},{"start":{"line":116,"column":48},"end":{"line":116,"column":66}}],"line":116},"9":{"loc":{"start":{"line":117,"column":11},"end":{"line":117,"column":57}},"type":"binary-expr","locations":[{"start":{"line":117,"column":11},"end":{"line":117,"column":37}},{"start":{"line":117,"column":41},"end":{"line":117,"column":57}}],"line":117},"10":{"loc":{"start":{"line":118,"column":11},"end":{"line":118,"column":49}},"type":"binary-expr","locations":[{"start":{"line":118,"column":11},"end":{"line":118,"column":32}},{"start":{"line":118,"column":36},"end":{"line":118,"column":49}}],"line":118},"11":{"loc":{"start":{"line":119,"column":11},"end":{"line":119,"column":53}},"type":"binary-expr","locations":[{"start":{"line":119,"column":11},"end":{"line":119,"column":37}},{"start":{"line":119,"column":41},"end":{"line":119,"column":53}}],"line":119},"12":{"loc":{"start":{"line":120,"column":11},"end":{"line":120,"column":48}},"type":"binary-expr","locations":[{"start":{"line":120,"column":11},"end":{"line":120,"column":32}},{"start":{"line":120,"column":36},"end":{"line":120,"column":48}}],"line":120}},"s":{"0":0,"1":0,"2":0,"3":0,"4":0,"5":0,"6":0,"7":0,"8":0,"9":0,"10":0,"11":0,"12":0,"13":0,"14":0,"15":0,"16":0,"17":0,"18":0},"f":{"0":0,"1":0,"2":0,"3":0,"4":0},"b":{"0":[0,0],"1":[0,0],"2":[0,0],"3":[0,0],"4":[0,0],"5":[0,0],"6":[0,0],"7":[0,0],"8":[0,0],"9":[0,0],"10":[0,0],"11":[0,0],"12":[0,0]}}
,"D:\\CODEBLACK\\Practice\\login-app\\src\\components\\Loading\\Loading.jsx": {"path":"D:\\CODEBLACK\\Practice\\login-app\\src\\components\\Loading\\Loading.jsx","statementMap":{"0":{"start":{"line":5,"column":16},"end":{"line":27,"column":1}},"1":{"start":{"line":6,"column":2},"end":{"line":26,"column":4}}},"fnMap":{"0":{"name":"(anonymous_0)","decl":{"start":{"line":5,"column":16},"end":{"line":5,"column":17}},"loc":{"start":{"line":5,"column":22},"end":{"line":27,"column":1}},"line":5}},"branchMap":{},"s":{"0":0,"1":0},"f":{"0":0},"b":{}}
,"D:\\CODEBLACK\\Practice\\login-app\\src\\components\\Not404Found\\Not404Found.jsx": {"path":"D:\\CODEBLACK\\Practice\\login-app\\src\\components\\Not404Found\\Not404Found.jsx","statementMap":{"0":{"start":{"line":6,"column":20},"end":{"line":27,"column":1}},"1":{"start":{"line":7,"column":2},"end":{"line":26,"column":12}}},"fnMap":{"0":{"name":"(anonymous_0)","decl":{"start":{"line":6,"column":20},"end":{"line":6,"column":21}},"loc":{"start":{"line":7,"column":2},"end":{"line":26,"column":12}},"line":7}},"branchMap":{},"s":{"0":0,"1":0},"f":{"0":0},"b":{}}
,"D:\\CODEBLACK\\Practice\\login-app\\src\\components\\ServerError\\ServerError.jsx": {"path":"D:\\CODEBLACK\\Practice\\login-app\\src\\components\\ServerError\\ServerError.jsx","statementMap":{"0":{"start":{"line":6,"column":20},"end":{"line":27,"column":1}},"1":{"start":{"line":7,"column":2},"end":{"line":26,"column":12}}},"fnMap":{"0":{"name":"(anonymous_0)","decl":{"start":{"line":6,"column":20},"end":{"line":6,"column":21}},"loc":{"start":{"line":7,"column":2},"end":{"line":26,"column":12}},"line":7}},"branchMap":{},"s":{"0":0,"1":0},"f":{"0":0},"b":{}}
,"D:\\CODEBLACK\\Practice\\login-app\\src\\components\\Unauthorized\\Unauthorized.jsx": {"path":"D:\\CODEBLACK\\Practice\\login-app\\src\\components\\Unauthorized\\Unauthorized.jsx","statementMap":{"0":{"start":{"line":6,"column":21},"end":{"line":27,"column":1}},"1":{"start":{"line":7,"column":2},"end":{"line":26,"column":12}}},"fnMap":{"0":{"name":"(anonymous_0)","decl":{"start":{"line":6,"column":21},"end":{"line":6,"column":22}},"loc":{"start":{"line":7,"column":2},"end":{"line":26,"column":12}},"line":7}},"branchMap":{},"s":{"0":0,"1":0},"f":{"0":0},"b":{}}
,"D:\\CODEBLACK\\Practice\\login-app\\src\\features\\defaultReducerTemplate.js": {"path":"D:\\CODEBLACK\\Practice\\login-app\\src\\features\\defaultReducerTemplate.js","statementMap":{"0":{"start":{"line":3,"column":19},"end":{"line":3,"column":21}},"1":{"start":{"line":5,"column":24},"end":{"line":9,"column":2}},"2":{"start":{"line":11,"column":18},"end":{"line":11,"column":36}}},"fnMap":{},"branchMap":{},"s":{"0":0,"1":0,"2":0},"f":{},"b":{}}
,"D:\\CODEBLACK\\Practice\\login-app\\src\\features\\api\\apiSlice.js": {"path":"D:\\CODEBLACK\\Practice\\login-app\\src\\features\\api\\apiSlice.js","statementMap":{"0":{"start":{"line":3,"column":24},"end":{"line":10,"column":2}},"1":{"start":{"line":9,"column":27},"end":{"line":9,"column":29}}},"fnMap":{"0":{"name":"(anonymous_0)","decl":{"start":{"line":9,"column":13},"end":{"line":9,"column":14}},"loc":{"start":{"line":9,"column":27},"end":{"line":9,"column":29}},"line":9}},"branchMap":{},"s":{"0":0,"1":0},"f":{"0":0},"b":{}}
,"D:\\CODEBLACK\\Practice\\login-app\\src\\features\\api\\apiSlicePostAndUser.js": {"path":"D:\\CODEBLACK\\Practice\\login-app\\src\\features\\api\\apiSlicePostAndUser.js","statementMap":{"0":{"start":{"line":3,"column":24},"end":{"line":10,"column":2}},"1":{"start":{"line":9,"column":27},"end":{"line":9,"column":29}}},"fnMap":{"0":{"name":"(anonymous_0)","decl":{"start":{"line":9,"column":13},"end":{"line":9,"column":14}},"loc":{"start":{"line":9,"column":27},"end":{"line":9,"column":29}},"line":9}},"branchMap":{},"s":{"0":0,"1":0},"f":{"0":0},"b":{}}
,"D:\\CODEBLACK\\Practice\\login-app\\src\\features\\api\\apiSliceTodoDidntUsed.js": {"path":"D:\\CODEBLACK\\Practice\\login-app\\src\\features\\api\\apiSliceTodoDidntUsed.js","statementMap":{"0":{"start":{"line":4,"column":24},"end":{"line":41,"column":2}},"1":{"start":{"line":10,"column":27},"end":{"line":40,"column":3}},"2":{"start":{"line":12,"column":19},"end":{"line":12,"column":27}},"3":{"start":{"line":13,"column":34},"end":{"line":13,"column":65}},"4":{"start":{"line":13,"column":53},"end":{"line":13,"column":64}},"5":{"start":{"line":17,"column":24},"end":{"line":21,"column":7}},"6":{"start":{"line":25,"column":24},"end":{"line":29,"column":7}},"7":{"start":{"line":33,"column":26},"end":{"line":37,"column":7}},"8":{"start":{"line":48,"column":4},"end":{"line":48,"column":12}}},"fnMap":{"0":{"name":"(anonymous_0)","decl":{"start":{"line":10,"column":13},"end":{"line":10,"column":14}},"loc":{"start":{"line":10,"column":27},"end":{"line":40,"column":3}},"line":10},"1":{"name":"(anonymous_1)","decl":{"start":{"line":12,"column":13},"end":{"line":12,"column":14}},"loc":{"start":{"line":12,"column":19},"end":{"line":12,"column":27}},"line":12},"2":{"name":"(anonymous_2)","decl":{"start":{"line":13,"column":25},"end":{"line":13,"column":26}},"loc":{"start":{"line":13,"column":34},"end":{"line":13,"column":65}},"line":13},"3":{"name":"(anonymous_3)","decl":{"start":{"line":13,"column":43},"end":{"line":13,"column":44}},"loc":{"start":{"line":13,"column":53},"end":{"line":13,"column":64}},"line":13},"4":{"name":"(anonymous_4)","decl":{"start":{"line":17,"column":13},"end":{"line":17,"column":14}},"loc":{"start":{"line":17,"column":24},"end":{"line":21,"column":7}},"line":17},"5":{"name":"(anonymous_5)","decl":{"start":{"line":25,"column":13},"end":{"line":25,"column":14}},"loc":{"start":{"line":25,"column":24},"end":{"line":29,"column":7}},"line":25},"6":{"name":"(anonymous_6)","decl":{"start":{"line":33,"column":13},"end":{"line":33,"column":14}},"loc":{"start":{"line":33,"column":26},"end":{"line":37,"column":7}},"line":33}},"branchMap":{},"s":{"0":0,"1":0,"2":0,"3":0,"4":0,"5":0,"6":0,"7":0,"8":0},"f":{"0":0,"1":0,"2":0,"3":0,"4":0,"5":0,"6":0},"b":{}}
,"D:\\CODEBLACK\\Practice\\login-app\\src\\features\\counter\\Counter.jsx": {"path":"D:\\CODEBLACK\\Practice\\login-app\\src\\features\\counter\\Counter.jsx","statementMap":{"0":{"start":{"line":11,"column":16},"end":{"line":56,"column":1}},"1":{"start":{"line":12,"column":16},"end":{"line":12,"column":59}},"2":{"start":{"line":12,"column":39},"end":{"line":12,"column":58}},"3":{"start":{"line":13,"column":19},"end":{"line":13,"column":32}},"4":{"start":{"line":14,"column":2},"end":{"line":55,"column":4}},"5":{"start":{"line":20,"column":12},"end":{"line":20,"column":34}},"6":{"start":{"line":27,"column":12},"end":{"line":27,"column":34}},"7":{"start":{"line":34,"column":12},"end":{"line":34,"column":30}},"8":{"start":{"line":41,"column":12},"end":{"line":41,"column":43}},"9":{"start":{"line":48,"column":12},"end":{"line":48,"column":43}}},"fnMap":{"0":{"name":"(anonymous_0)","decl":{"start":{"line":11,"column":16},"end":{"line":11,"column":17}},"loc":{"start":{"line":11,"column":22},"end":{"line":56,"column":1}},"line":11},"1":{"name":"(anonymous_1)","decl":{"start":{"line":12,"column":28},"end":{"line":12,"column":29}},"loc":{"start":{"line":12,"column":39},"end":{"line":12,"column":58}},"line":12},"2":{"name":"(anonymous_2)","decl":{"start":{"line":19,"column":19},"end":{"line":19,"column":20}},"loc":{"start":{"line":19,"column":25},"end":{"line":21,"column":11}},"line":19},"3":{"name":"(anonymous_3)","decl":{"start":{"line":26,"column":19},"end":{"line":26,"column":20}},"loc":{"start":{"line":26,"column":25},"end":{"line":28,"column":11}},"line":26},"4":{"name":"(anonymous_4)","decl":{"start":{"line":33,"column":19},"end":{"line":33,"column":20}},"loc":{"start":{"line":33,"column":25},"end":{"line":35,"column":11}},"line":33},"5":{"name":"(anonymous_5)","decl":{"start":{"line":40,"column":19},"end":{"line":40,"column":20}},"loc":{"start":{"line":40,"column":25},"end":{"line":42,"column":11}},"line":40},"6":{"name":"(anonymous_6)","decl":{"start":{"line":47,"column":19},"end":{"line":47,"column":20}},"loc":{"start":{"line":47,"column":25},"end":{"line":49,"column":11}},"line":47}},"branchMap":{},"s":{"0":1,"1":6,"2":12,"3":6,"4":6,"5":1,"6":1,"7":1,"8":1,"9":1},"f":{"0":6,"1":12,"2":1,"3":1,"4":1,"5":1,"6":1},"b":{},"_coverageSchema":"1a1c01bbd47fc00a2c39e90264f33305004495a9","hash":"a11c32ccf504d45d6c61ad682dbc013949cef070"}
,"D:\\CODEBLACK\\Practice\\login-app\\src\\features\\counter\\counterSlice.js": {"path":"D:\\CODEBLACK\\Practice\\login-app\\src\\features\\counter\\counterSlice.js","statementMap":{"0":{"start":{"line":3,"column":21},"end":{"line":5,"column":1}},"1":{"start":{"line":7,"column":28},"end":{"line":27,"column":2}},"2":{"start":{"line":12,"column":6},"end":{"line":12,"column":23}},"3":{"start":{"line":15,"column":6},"end":{"line":15,"column":23}},"4":{"start":{"line":18,"column":6},"end":{"line":18,"column":22}},"5":{"start":{"line":21,"column":6},"end":{"line":21,"column":36}},"6":{"start":{"line":24,"column":6},"end":{"line":24,"column":36}},"7":{"start":{"line":29,"column":82},"end":{"line":29,"column":102}}},"fnMap":{"0":{"name":"(anonymous_0)","decl":{"start":{"line":11,"column":15},"end":{"line":11,"column":16}},"loc":{"start":{"line":11,"column":26},"end":{"line":13,"column":5}},"line":11},"1":{"name":"(anonymous_1)","decl":{"start":{"line":14,"column":15},"end":{"line":14,"column":16}},"loc":{"start":{"line":14,"column":26},"end":{"line":16,"column":5}},"line":14},"2":{"name":"(anonymous_2)","decl":{"start":{"line":17,"column":11},"end":{"line":17,"column":12}},"loc":{"start":{"line":17,"column":22},"end":{"line":19,"column":5}},"line":17},"3":{"name":"(anonymous_3)","decl":{"start":{"line":20,"column":23},"end":{"line":20,"column":24}},"loc":{"start":{"line":20,"column":41},"end":{"line":22,"column":5}},"line":20},"4":{"name":"(anonymous_4)","decl":{"start":{"line":23,"column":23},"end":{"line":23,"column":24}},"loc":{"start":{"line":23,"column":41},"end":{"line":25,"column":5}},"line":23}},"branchMap":{},"s":{"0":1,"1":1,"2":0,"3":0,"4":0,"5":0,"6":0,"7":1},"f":{"0":0,"1":0,"2":0,"3":0,"4":0},"b":{},"_coverageSchema":"1a1c01bbd47fc00a2c39e90264f33305004495a9","hash":"9b80d6fae869dbb6047f57c2bd6eeae609328c05"}
,"D:\\CODEBLACK\\Practice\\login-app\\src\\features\\posts\\AddPostForm.jsx": {"path":"D:\\CODEBLACK\\Practice\\login-app\\src\\features\\posts\\AddPostForm.jsx","statementMap":{"0":{"start":{"line":17,"column":14},"end":{"line":33,"column":1}},"1":{"start":{"line":34,"column":20},"end":{"line":37,"column":1}},"2":{"start":{"line":38,"column":20},"end":{"line":198,"column":1}},"3":{"start":{"line":39,"column":19},"end":{"line":39,"column":32}},"4":{"start":{"line":40,"column":19},"end":{"line":40,"column":32}},"5":{"start":{"line":41,"column":16},"end":{"line":41,"column":43}},"6":{"start":{"line":42,"column":19},"end":{"line":42,"column":32}},"7":{"start":{"line":44,"column":18},"end":{"line":44,"column":32}},"8":{"start":{"line":45,"column":19},"end":{"line":45,"column":33}},"9":{"start":{"line":46,"column":28},"end":{"line":46,"column":46}},"10":{"start":{"line":47,"column":32},"end":{"line":47,"column":50}},"11":{"start":{"line":48,"column":30},"end":{"line":48,"column":48}},"12":{"start":{"line":49,"column":42},"end":{"line":49,"column":60}},"13":{"start":{"line":50,"column":50},"end":{"line":50,"column":72}},"14":{"start":{"line":51,"column":32},"end":{"line":51,"column":53}},"15":{"start":{"line":52,"column":2},"end":{"line":54,"column":9}},"16":{"start":{"line":53,"column":4},"end":{"line":53,"column":28}},"17":{"start":{"line":55,"column":2},"end":{"line":57,"column":23}},"18":{"start":{"line":56,"column":4},"end":{"line":56,"column":24}},"19":{"start":{"line":59,"column":4},"end":{"line":60,"column":31}},"20":{"start":{"line":62,"column":28},"end":{"line":101,"column":3}},"21":{"start":{"line":63,"column":4},"end":{"line":63,"column":21}},"22":{"start":{"line":81,"column":4},"end":{"line":98,"column":5}},"23":{"start":{"line":82,"column":6},"end":{"line":97,"column":7}},"24":{"start":{"line":83,"column":8},"end":{"line":83,"column":39}},"25":{"start":{"line":84,"column":8},"end":{"line":84,"column":72}},"26":{"start":{"line":85,"column":8},"end":{"line":85,"column":21}},"27":{"start":{"line":86,"column":8},"end":{"line":86,"column":23}},"28":{"start":{"line":87,"column":8},"end":{"line":87,"column":22}},"29":{"start":{"line":88,"column":8},"end":{"line":88,"column":26}},"30":{"start":{"line":89,"column":8},"end":{"line":89,"column":32}},"31":{"start":{"line":91,"column":8},"end":{"line":91,"column":51}},"32":{"start":{"line":92,"column":8},"end":{"line":92,"column":26}},"33":{"start":{"line":93,"column":8},"end":{"line":93,"column":56}},"34":{"start":{"line":95,"column":8},"end":{"line":95,"column":26}},"35":{"start":{"line":96,"column":8},"end":{"line":96,"column":36}},"36":{"start":{"line":103,"column":2},"end":{"line":111,"column":4}},"37":{"start":{"line":112,"column":2},"end":{"line":197,"column":4}},"38":{"start":{"line":139,"column":29},"end":{"line":139,"column":53}},"39":{"start":{"line":148,"column":29},"end":{"line":148,"column":55}},"40":{"start":{"line":162,"column":16},"end":{"line":162,"column":31}},"41":{"start":{"line":163,"column":16},"end":{"line":163,"column":45}}},"fnMap":{"0":{"name":"(anonymous_0)","decl":{"start":{"line":38,"column":20},"end":{"line":38,"column":21}},"loc":{"start":{"line":38,"column":26},"end":{"line":198,"column":1}},"line":38},"1":{"name":"(anonymous_1)","decl":{"start":{"line":52,"column":12},"end":{"line":52,"column":13}},"loc":{"start":{"line":52,"column":18},"end":{"line":54,"column":3}},"line":52},"2":{"name":"(anonymous_2)","decl":{"start":{"line":55,"column":12},"end":{"line":55,"column":13}},"loc":{"start":{"line":55,"column":18},"end":{"line":57,"column":3}},"line":55},"3":{"name":"(anonymous_3)","decl":{"start":{"line":62,"column":28},"end":{"line":62,"column":29}},"loc":{"start":{"line":62,"column":34},"end":{"line":101,"column":3}},"line":62},"4":{"name":"(anonymous_4)","decl":{"start":{"line":139,"column":22},"end":{"line":139,"column":23}},"loc":{"start":{"line":139,"column":29},"end":{"line":139,"column":53}},"line":139},"5":{"name":"(anonymous_5)","decl":{"start":{"line":148,"column":22},"end":{"line":148,"column":23}},"loc":{"start":{"line":148,"column":29},"end":{"line":148,"column":55}},"line":148},"6":{"name":"(anonymous_6)","decl":{"start":{"line":161,"column":23},"end":{"line":161,"column":24}},"loc":{"start":{"line":161,"column":30},"end":{"line":164,"column":15}},"line":161}},"branchMap":{"0":{"loc":{"start":{"line":59,"column":4},"end":{"line":60,"column":31}},"type":"binary-expr","locations":[{"start":{"line":59,"column":4},"end":{"line":59,"column":62}},{"start":{"line":60,"column":4},"end":{"line":60,"column":31}}],"line":59},"1":{"loc":{"start":{"line":59,"column":21},"end":{"line":59,"column":46}},"type":"cond-expr","locations":[{"start":{"line":59,"column":36},"end":{"line":59,"column":37}},{"start":{"line":59,"column":40},"end":{"line":59,"column":46}}],"line":59},"2":{"loc":{"start":{"line":81,"column":4},"end":{"line":98,"column":5}},"type":"if","locations":[{"start":{"line":81,"column":4},"end":{"line":98,"column":5}},{"start":{},"end":{}}],"line":81},"3":{"loc":{"start":{"line":128,"column":21},"end":{"line":128,"column":58}},"type":"cond-expr","locations":[{"start":{"line":128,"column":36},"end":{"line":128,"column":44}},{"start":{"line":128,"column":47},"end":{"line":128,"column":58}}],"line":128},"4":{"loc":{"start":{"line":167,"column":13},"end":{"line":167,"column":45}},"type":"binary-expr","locations":[{"start":{"line":167,"column":13},"end":{"line":167,"column":33}},{"start":{"line":167,"column":37},"end":{"line":167,"column":45}}],"line":167},"5":{"loc":{"start":{"line":177,"column":22},"end":{"line":177,"column":41}},"type":"binary-expr","locations":[{"start":{"line":177,"column":22},"end":{"line":177,"column":30}},{"start":{"line":177,"column":34},"end":{"line":177,"column":41}}],"line":177},"6":{"loc":{"start":{"line":179,"column":13},"end":{"line":192,"column":13}},"type":"cond-expr","locations":[{"start":{"line":180,"column":14},"end":{"line":189,"column":16}},{"start":{"line":191,"column":14},"end":{"line":191,"column":19}}],"line":179}},"s":{"0":0,"1":0,"2":0,"3":0,"4":0,"5":0,"6":0,"7":0,"8":0,"9":0,"10":0,"11":0,"12":0,"13":0,"14":0,"15":0,"16":0,"17":0,"18":0,"19":0,"20":0,"21":0,"22":0,"23":0,"24":0,"25":0,"26":0,"27":0,"28":0,"29":0,"30":0,"31":0,"32":0,"33":0,"34":0,"35":0,"36":0,"37":0,"38":0,"39":0,"40":0,"41":0},"f":{"0":0,"1":0,"2":0,"3":0,"4":0,"5":0,"6":0},"b":{"0":[0,0],"1":[0,0],"2":[0,0],"3":[0,0],"4":[0,0],"5":[0,0],"6":[0,0]}}
,"D:\\CODEBLACK\\Practice\\login-app\\src\\features\\posts\\EditPostForm.jsx": {"path":"D:\\CODEBLACK\\Practice\\login-app\\src\\features\\posts\\EditPostForm.jsx","statementMap":{"0":{"start":{"line":17,"column":14},"end":{"line":33,"column":1}},"1":{"start":{"line":34,"column":20},"end":{"line":37,"column":1}},"2":{"start":{"line":38,"column":21},"end":{"line":219,"column":1}},"3":{"start":{"line":39,"column":19},"end":{"line":39,"column":32}},"4":{"start":{"line":40,"column":19},"end":{"line":40,"column":32}},"5":{"start":{"line":41,"column":21},"end":{"line":41,"column":32}},"6":{"start":{"line":42,"column":15},"end":{"line":42,"column":76}},"7":{"start":{"line":42,"column":38},"end":{"line":42,"column":75}},"8":{"start":{"line":43,"column":16},"end":{"line":43,"column":43}},"9":{"start":{"line":44,"column":19},"end":{"line":44,"column":32}},"10":{"start":{"line":46,"column":18},"end":{"line":46,"column":32}},"11":{"start":{"line":47,"column":19},"end":{"line":47,"column":33}},"12":{"start":{"line":48,"column":28},"end":{"line":48,"column":55}},"13":{"start":{"line":49,"column":32},"end":{"line":49,"column":58}},"14":{"start":{"line":50,"column":30},"end":{"line":50,"column":58}},"15":{"start":{"line":51,"column":42},"end":{"line":51,"column":60}},"16":{"start":{"line":52,"column":50},"end":{"line":52,"column":72}},"17":{"start":{"line":53,"column":32},"end":{"line":53,"column":53}},"18":{"start":{"line":54,"column":2},"end":{"line":56,"column":9}},"19":{"start":{"line":55,"column":4},"end":{"line":55,"column":28}},"20":{"start":{"line":57,"column":2},"end":{"line":59,"column":23}},"21":{"start":{"line":58,"column":4},"end":{"line":58,"column":24}},"22":{"start":{"line":61,"column":4},"end":{"line":62,"column":31}},"23":{"start":{"line":64,"column":28},"end":{"line":111,"column":3}},"24":{"start":{"line":65,"column":4},"end":{"line":65,"column":21}},"25":{"start":{"line":83,"column":4},"end":{"line":108,"column":5}},"26":{"start":{"line":84,"column":6},"end":{"line":107,"column":7}},"27":{"start":{"line":85,"column":8},"end":{"line":85,"column":39}},"28":{"start":{"line":86,"column":8},"end":{"line":94,"column":19}},"29":{"start":{"line":95,"column":8},"end":{"line":95,"column":21}},"30":{"start":{"line":96,"column":8},"end":{"line":96,"column":23}},"31":{"start":{"line":97,"column":8},"end":{"line":97,"column":22}},"32":{"start":{"line":98,"column":8},"end":{"line":98,"column":26}},"33":{"start":{"line":99,"column":8},"end":{"line":99,"column":32}},"34":{"start":{"line":101,"column":8},"end":{"line":101,"column":51}},"35":{"start":{"line":102,"column":8},"end":{"line":102,"column":26}},"36":{"start":{"line":103,"column":8},"end":{"line":103,"column":56}},"37":{"start":{"line":105,"column":8},"end":{"line":105,"column":26}},"38":{"start":{"line":106,"column":8},"end":{"line":106,"column":36}},"39":{"start":{"line":113,"column":2},"end":{"line":121,"column":4}},"40":{"start":{"line":122,"column":2},"end":{"line":129,"column":3}},"41":{"start":{"line":123,"column":4},"end":{"line":128,"column":6}},"42":{"start":{"line":125,"column":31},"end":{"line":125,"column":43}},"43":{"start":{"line":130,"column":2},"end":{"line":218,"column":4}},"44":{"start":{"line":132,"column":29},"end":{"line":132,"column":41}},"45":{"start":{"line":159,"column":31},"end":{"line":159,"column":55}},"46":{"start":{"line":168,"column":31},"end":{"line":168,"column":57}},"47":{"start":{"line":182,"column":18},"end":{"line":182,"column":33}},"48":{"start":{"line":183,"column":18},"end":{"line":183,"column":47}}},"fnMap":{"0":{"name":"(anonymous_0)","decl":{"start":{"line":38,"column":21},"end":{"line":38,"column":22}},"loc":{"start":{"line":38,"column":27},"end":{"line":219,"column":1}},"line":38},"1":{"name":"(anonymous_1)","decl":{"start":{"line":42,"column":27},"end":{"line":42,"column":28}},"loc":{"start":{"line":42,"column":38},"end":{"line":42,"column":75}},"line":42},"2":{"name":"(anonymous_2)","decl":{"start":{"line":54,"column":12},"end":{"line":54,"column":13}},"loc":{"start":{"line":54,"column":18},"end":{"line":56,"column":3}},"line":54},"3":{"name":"(anonymous_3)","decl":{"start":{"line":57,"column":12},"end":{"line":57,"column":13}},"loc":{"start":{"line":57,"column":18},"end":{"line":59,"column":3}},"line":57},"4":{"name":"(anonymous_4)","decl":{"start":{"line":64,"column":28},"end":{"line":64,"column":29}},"loc":{"start":{"line":64,"column":34},"end":{"line":111,"column":3}},"line":64},"5":{"name":"(anonymous_5)","decl":{"start":{"line":125,"column":25},"end":{"line":125,"column":26}},"loc":{"start":{"line":125,"column":31},"end":{"line":125,"column":43}},"line":125},"6":{"name":"(anonymous_6)","decl":{"start":{"line":132,"column":23},"end":{"line":132,"column":24}},"loc":{"start":{"line":132,"column":29},"end":{"line":132,"column":41}},"line":132},"7":{"name":"(anonymous_7)","decl":{"start":{"line":159,"column":24},"end":{"line":159,"column":25}},"loc":{"start":{"line":159,"column":31},"end":{"line":159,"column":55}},"line":159},"8":{"name":"(anonymous_8)","decl":{"start":{"line":168,"column":24},"end":{"line":168,"column":25}},"loc":{"start":{"line":168,"column":31},"end":{"line":168,"column":57}},"line":168},"9":{"name":"(anonymous_9)","decl":{"start":{"line":181,"column":25},"end":{"line":181,"column":26}},"loc":{"start":{"line":181,"column":32},"end":{"line":184,"column":17}},"line":181}},"branchMap":{"0":{"loc":{"start":{"line":61,"column":4},"end":{"line":62,"column":31}},"type":"binary-expr","locations":[{"start":{"line":61,"column":4},"end":{"line":61,"column":62}},{"start":{"line":62,"column":4},"end":{"line":62,"column":31}}],"line":61},"1":{"loc":{"start":{"line":61,"column":21},"end":{"line":61,"column":46}},"type":"cond-expr","locations":[{"start":{"line":61,"column":36},"end":{"line":61,"column":37}},{"start":{"line":61,"column":40},"end":{"line":61,"column":46}}],"line":61},"2":{"loc":{"start":{"line":83,"column":4},"end":{"line":108,"column":5}},"type":"if","locations":[{"start":{"line":83,"column":4},"end":{"line":108,"column":5}},{"start":{},"end":{}}],"line":83},"3":{"loc":{"start":{"line":122,"column":2},"end":{"line":129,"column":3}},"type":"if","locations":[{"start":{"line":122,"column":2},"end":{"line":129,"column":3}},{"start":{},"end":{}}],"line":122},"4":{"loc":{"start":{"line":148,"column":23},"end":{"line":148,"column":60}},"type":"cond-expr","locations":[{"start":{"line":148,"column":38},"end":{"line":148,"column":46}},{"start":{"line":148,"column":49},"end":{"line":148,"column":60}}],"line":148},"5":{"loc":{"start":{"line":187,"column":15},"end":{"line":187,"column":47}},"type":"binary-expr","locations":[{"start":{"line":187,"column":15},"end":{"line":187,"column":35}},{"start":{"line":187,"column":39},"end":{"line":187,"column":47}}],"line":187},"6":{"loc":{"start":{"line":197,"column":24},"end":{"line":197,"column":43}},"type":"binary-expr","locations":[{"start":{"line":197,"column":24},"end":{"line":197,"column":32}},{"start":{"line":197,"column":36},"end":{"line":197,"column":43}}],"line":197},"7":{"loc":{"start":{"line":199,"column":15},"end":{"line":212,"column":15}},"type":"cond-expr","locations":[{"start":{"line":200,"column":16},"end":{"line":209,"column":18}},{"start":{"line":211,"column":16},"end":{"line":211,"column":24}}],"line":199}},"s":{"0":0,"1":0,"2":0,"3":0,"4":0,"5":0,"6":0,"7":0,"8":0,"9":0,"10":0,"11":0,"12":0,"13":0,"14":0,"15":0,"16":0,"17":0,"18":0,"19":0,"20":0,"21":0,"22":0,"23":0,"24":0,"25":0,"26":0,"27":0,"28":0,"29":0,"30":0,"31":0,"32":0,"33":0,"34":0,"35":0,"36":0,"37":0,"38":0,"39":0,"40":0,"41":0,"42":0,"43":0,"44":0,"45":0,"46":0,"47":0,"48":0},"f":{"0":0,"1":0,"2":0,"3":0,"4":0,"5":0,"6":0,"7":0,"8":0,"9":0},"b":{"0":[0,0],"1":[0,0],"2":[0,0],"3":[0,0],"4":[0,0],"5":[0,0],"6":[0,0],"7":[0,0]}}
,"D:\\CODEBLACK\\Practice\\login-app\\src\\features\\posts\\PostAuthor.jsx": {"path":"D:\\CODEBLACK\\Practice\\login-app\\src\\features\\posts\\PostAuthor.jsx","statementMap":{"0":{"start":{"line":5,"column":19},"end":{"line":20,"column":1}},"1":{"start":{"line":6,"column":16},"end":{"line":6,"column":43}},"2":{"start":{"line":8,"column":17},"end":{"line":8,"column":58}},"3":{"start":{"line":8,"column":38},"end":{"line":8,"column":57}},"4":{"start":{"line":10,"column":2},"end":{"line":19,"column":4}}},"fnMap":{"0":{"name":"(anonymous_0)","decl":{"start":{"line":5,"column":19},"end":{"line":5,"column":20}},"loc":{"start":{"line":5,"column":35},"end":{"line":20,"column":1}},"line":5},"1":{"name":"(anonymous_1)","decl":{"start":{"line":8,"column":28},"end":{"line":8,"column":29}},"loc":{"start":{"line":8,"column":38},"end":{"line":8,"column":57}},"line":8}},"branchMap":{"0":{"loc":{"start":{"line":13,"column":7},"end":{"line":17,"column":7}},"type":"cond-expr","locations":[{"start":{"line":14,"column":8},"end":{"line":14,"column":66}},{"start":{"line":16,"column":8},"end":{"line":16,"column":24}}],"line":13}},"s":{"0":0,"1":0,"2":0,"3":0,"4":0},"f":{"0":0,"1":0},"b":{"0":[0,0]}}
,"D:\\CODEBLACK\\Practice\\login-app\\src\\features\\posts\\PostsExcerpt.jsx": {"path":"D:\\CODEBLACK\\Practice\\login-app\\src\\features\\posts\\PostsExcerpt.jsx","statementMap":{"0":{"start":{"line":10,"column":21},"end":{"line":56,"column":1}},"1":{"start":{"line":11,"column":19},"end":{"line":11,"column":32}},"2":{"start":{"line":12,"column":15},"end":{"line":12,"column":68}},"3":{"start":{"line":12,"column":38},"end":{"line":12,"column":67}},"4":{"start":{"line":13,"column":2},"end":{"line":13,"column":44}},"5":{"start":{"line":14,"column":2},"end":{"line":55,"column":4}},"6":{"start":{"line":35,"column":18},"end":{"line":35,"column":65}}},"fnMap":{"0":{"name":"(anonymous_0)","decl":{"start":{"line":10,"column":21},"end":{"line":10,"column":22}},"loc":{"start":{"line":10,"column":49},"end":{"line":56,"column":1}},"line":10},"1":{"name":"(anonymous_1)","decl":{"start":{"line":12,"column":27},"end":{"line":12,"column":28}},"loc":{"start":{"line":12,"column":38},"end":{"line":12,"column":67}},"line":12},"2":{"name":"(anonymous_2)","decl":{"start":{"line":34,"column":25},"end":{"line":34,"column":26}},"loc":{"start":{"line":34,"column":31},"end":{"line":36,"column":17}},"line":34}},"branchMap":{},"s":{"0":0,"1":0,"2":0,"3":0,"4":0,"5":0,"6":0},"f":{"0":0,"1":0,"2":0},"b":{}}
,"D:\\CODEBLACK\\Practice\\login-app\\src\\features\\posts\\PostsList.jsx": {"path":"D:\\CODEBLACK\\Practice\\login-app\\src\\features\\posts\\PostsList.jsx","statementMap":{"0":{"start":{"line":19,"column":19},"end":{"line":19,"column":24}},"1":{"start":{"line":20,"column":18},"end":{"line":105,"column":1}},"2":{"start":{"line":21,"column":16},"end":{"line":21,"column":43}},"3":{"start":{"line":22,"column":26},"end":{"line":22,"column":52}},"4":{"start":{"line":23,"column":19},"end":{"line":26,"column":3}},"5":{"start":{"line":24,"column":4},"end":{"line":24,"column":51}},"6":{"start":{"line":25,"column":4},"end":{"line":25,"column":26}},"7":{"start":{"line":27,"column":22},"end":{"line":27,"column":49}},"8":{"start":{"line":28,"column":21},"end":{"line":28,"column":47}},"9":{"start":{"line":29,"column":40},"end":{"line":29,"column":52}},"10":{"start":{"line":30,"column":20},"end":{"line":34,"column":27}},"11":{"start":{"line":32,"column":6},"end":{"line":32,"column":66}},"12":{"start":{"line":34,"column":19},"end":{"line":34,"column":26}},"13":{"start":{"line":35,"column":22},"end":{"line":35,"column":76}},"14":{"start":{"line":36,"column":2},"end":{"line":36,"column":42}},"15":{"start":{"line":38,"column":19},"end":{"line":38,"column":32}},"16":{"start":{"line":47,"column":2},"end":{"line":85,"column":3}},"17":{"start":{"line":48,"column":4},"end":{"line":62,"column":7}},"18":{"start":{"line":49,"column":6},"end":{"line":61,"column":12}},"19":{"start":{"line":63,"column":9},"end":{"line":85,"column":3}},"20":{"start":{"line":74,"column":4},"end":{"line":78,"column":7}},"21":{"start":{"line":75,"column":6},"end":{"line":77,"column":12}},"22":{"start":{"line":79,"column":9},"end":{"line":85,"column":3}},"23":{"start":{"line":80,"column":4},"end":{"line":84,"column":6}},"24":{"start":{"line":87,"column":2},"end":{"line":104,"column":4}}},"fnMap":{"0":{"name":"(anonymous_0)","decl":{"start":{"line":20,"column":18},"end":{"line":20,"column":19}},"loc":{"start":{"line":20,"column":24},"end":{"line":105,"column":1}},"line":20},"1":{"name":"(anonymous_1)","decl":{"start":{"line":23,"column":19},"end":{"line":23,"column":20}},"loc":{"start":{"line":23,"column":40},"end":{"line":26,"column":3}},"line":23},"2":{"name":"(anonymous_2)","decl":{"start":{"line":31,"column":12},"end":{"line":31,"column":13}},"loc":{"start":{"line":32,"column":6},"end":{"line":32,"column":66}},"line":32},"3":{"name":"(anonymous_3)","decl":{"start":{"line":34,"column":9},"end":{"line":34,"column":10}},"loc":{"start":{"line":34,"column":19},"end":{"line":34,"column":26}},"line":34},"4":{"name":"(anonymous_4)","decl":{"start":{"line":48,"column":31},"end":{"line":48,"column":32}},"loc":{"start":{"line":49,"column":6},"end":{"line":61,"column":12}},"line":49},"5":{"name":"(anonymous_5)","decl":{"start":{"line":74,"column":30},"end":{"line":74,"column":31}},"loc":{"start":{"line":75,"column":6},"end":{"line":77,"column":12}},"line":75}},"branchMap":{"0":{"loc":{"start":{"line":35,"column":22},"end":{"line":35,"column":76}},"type":"cond-expr","locations":[{"start":{"line":35,"column":47},"end":{"line":35,"column":58}},{"start":{"line":35,"column":61},"end":{"line":35,"column":76}}],"line":35},"1":{"loc":{"start":{"line":47,"column":2},"end":{"line":85,"column":3}},"type":"if","locations":[{"start":{"line":47,"column":2},"end":{"line":85,"column":3}},{"start":{"line":63,"column":9},"end":{"line":85,"column":3}}],"line":47},"2":{"loc":{"start":{"line":63,"column":9},"end":{"line":85,"column":3}},"type":"if","locations":[{"start":{"line":63,"column":9},"end":{"line":85,"column":3}},{"start":{"line":79,"column":9},"end":{"line":85,"column":3}}],"line":63},"3":{"loc":{"start":{"line":79,"column":9},"end":{"line":85,"column":3}},"type":"if","locations":[{"start":{"line":79,"column":9},"end":{"line":85,"column":3}},{"start":{},"end":{}}],"line":79}},"s":{"0":0,"1":0,"2":0,"3":0,"4":0,"5":0,"6":0,"7":0,"8":0,"9":0,"10":0,"11":0,"12":0,"13":0,"14":0,"15":0,"16":0,"17":0,"18":0,"19":0,"20":0,"21":0,"22":0,"23":0,"24":0},"f":{"0":0,"1":0,"2":0,"3":0,"4":0,"5":0},"b":{"0":[0,0],"1":[0,0],"2":[0,0],"3":[0,0]}}
,"D:\\CODEBLACK\\Practice\\login-app\\src\\features\\posts\\ReactionButtons.jsx": {"path":"D:\\CODEBLACK\\Practice\\login-app\\src\\features\\posts\\ReactionButtons.jsx","statementMap":{"0":{"start":{"line":5,"column":22},"end":{"line":11,"column":1}},"1":{"start":{"line":13,"column":24},"end":{"line":34,"column":1}},"2":{"start":{"line":14,"column":19},"end":{"line":14,"column":32}},"3":{"start":{"line":16,"column":26},"end":{"line":31,"column":4}},"4":{"start":{"line":17,"column":4},"end":{"line":30,"column":6}},"5":{"start":{"line":25,"column":10},"end":{"line":25,"column":70}},"6":{"start":{"line":33,"column":2},"end":{"line":33,"column":38}}},"fnMap":{"0":{"name":"(anonymous_0)","decl":{"start":{"line":13,"column":24},"end":{"line":13,"column":25}},"loc":{"start":{"line":13,"column":38},"end":{"line":34,"column":1}},"line":13},"1":{"name":"(anonymous_1)","decl":{"start":{"line":16,"column":60},"end":{"line":16,"column":61}},"loc":{"start":{"line":16,"column":79},"end":{"line":31,"column":3}},"line":16},"2":{"name":"(anonymous_2)","decl":{"start":{"line":24,"column":17},"end":{"line":24,"column":18}},"loc":{"start":{"line":25,"column":10},"end":{"line":25,"column":70}},"line":25}},"branchMap":{},"s":{"0":0,"1":0,"2":0,"3":0,"4":0,"5":0,"6":0},"f":{"0":0,"1":0,"2":0},"b":{}}
,"D:\\CODEBLACK\\Practice\\login-app\\src\\features\\posts\\SinglePostPage.jsx": {"path":"D:\\CODEBLACK\\Practice\\login-app\\src\\features\\posts\\SinglePostPage.jsx","statementMap":{"0":{"start":{"line":12,"column":23},"end":{"line":39,"column":1}},"1":{"start":{"line":13,"column":21},"end":{"line":13,"column":32}},"2":{"start":{"line":14,"column":19},"end":{"line":14,"column":32}},"3":{"start":{"line":15,"column":15},"end":{"line":15,"column":76}},"4":{"start":{"line":15,"column":38},"end":{"line":15,"column":75}},"5":{"start":{"line":17,"column":2},"end":{"line":24,"column":3}},"6":{"start":{"line":18,"column":4},"end":{"line":23,"column":6}},"7":{"start":{"line":20,"column":31},"end":{"line":20,"column":43}},"8":{"start":{"line":26,"column":2},"end":{"line":38,"column":4}},"9":{"start":{"line":28,"column":29},"end":{"line":28,"column":41}}},"fnMap":{"0":{"name":"(anonymous_0)","decl":{"start":{"line":12,"column":23},"end":{"line":12,"column":24}},"loc":{"start":{"line":12,"column":29},"end":{"line":39,"column":1}},"line":12},"1":{"name":"(anonymous_1)","decl":{"start":{"line":15,"column":27},"end":{"line":15,"column":28}},"loc":{"start":{"line":15,"column":38},"end":{"line":15,"column":75}},"line":15},"2":{"name":"(anonymous_2)","decl":{"start":{"line":20,"column":25},"end":{"line":20,"column":26}},"loc":{"start":{"line":20,"column":31},"end":{"line":20,"column":43}},"line":20},"3":{"name":"(anonymous_3)","decl":{"start":{"line":28,"column":23},"end":{"line":28,"column":24}},"loc":{"start":{"line":28,"column":29},"end":{"line":28,"column":41}},"line":28}},"branchMap":{"0":{"loc":{"start":{"line":17,"column":2},"end":{"line":24,"column":3}},"type":"if","locations":[{"start":{"line":17,"column":2},"end":{"line":24,"column":3}},{"start":{},"end":{}}],"line":17}},"s":{"0":0,"1":0,"2":0,"3":0,"4":0,"5":0,"6":0,"7":0,"8":0,"9":0},"f":{"0":0,"1":0,"2":0,"3":0},"b":{"0":[0,0]}}
,"D:\\CODEBLACK\\Practice\\login-app\\src\\features\\posts\\TimeAgo.jsx": {"path":"D:\\CODEBLACK\\Practice\\login-app\\src\\features\\posts\\TimeAgo.jsx","statementMap":{"0":{"start":{"line":3,"column":16},"end":{"line":16,"column":1}},"1":{"start":{"line":4,"column":16},"end":{"line":4,"column":18}},"2":{"start":{"line":5,"column":2},"end":{"line":9,"column":3}},"3":{"start":{"line":6,"column":17},"end":{"line":6,"column":36}},"4":{"start":{"line":7,"column":23},"end":{"line":7,"column":48}},"5":{"start":{"line":8,"column":4},"end":{"line":8,"column":34}},"6":{"start":{"line":11,"column":2},"end":{"line":15,"column":4}}},"fnMap":{"0":{"name":"(anonymous_0)","decl":{"start":{"line":3,"column":16},"end":{"line":3,"column":17}},"loc":{"start":{"line":3,"column":35},"end":{"line":16,"column":1}},"line":3}},"branchMap":{"0":{"loc":{"start":{"line":5,"column":2},"end":{"line":9,"column":3}},"type":"if","locations":[{"start":{"line":5,"column":2},"end":{"line":9,"column":3}},{"start":{},"end":{}}],"line":5}},"s":{"0":0,"1":0,"2":0,"3":0,"4":0,"5":0,"6":0},"f":{"0":0},"b":{"0":[0,0]}}
,"D:\\CODEBLACK\\Practice\\login-app\\src\\features\\posts\\postsSlice.js": {"path":"D:\\CODEBLACK\\Practice\\login-app\\src\\features\\posts\\postsSlice.js","statementMap":{"0":{"start":{"line":40,"column":18},"end":{"line":40,"column":62}},"1":{"start":{"line":41,"column":21},"end":{"line":43,"column":2}},"2":{"start":{"line":42,"column":26},"end":{"line":42,"column":54}},"3":{"start":{"line":44,"column":21},"end":{"line":49,"column":2}},"4":{"start":{"line":52,"column":26},"end":{"line":59,"column":2}},"5":{"start":{"line":53,"column":2},"end":{"line":58,"column":3}},"6":{"start":{"line":54,"column":21},"end":{"line":54,"column":47}},"7":{"start":{"line":55,"column":4},"end":{"line":55,"column":30}},"8":{"start":{"line":57,"column":4},"end":{"line":57,"column":25}},"9":{"start":{"line":61,"column":26},"end":{"line":72,"column":1}},"10":{"start":{"line":64,"column":4},"end":{"line":70,"column":5}},"11":{"start":{"line":65,"column":23},"end":{"line":65,"column":63}},"12":{"start":{"line":66,"column":6},"end":{"line":66,"column":27}},"13":{"start":{"line":68,"column":6},"end":{"line":68,"column":31}},"14":{"start":{"line":69,"column":6},"end":{"line":69,"column":27}},"15":{"start":{"line":74,"column":26},"end":{"line":86,"column":1}},"16":{"start":{"line":77,"column":19},"end":{"line":77,"column":30}},"17":{"start":{"line":78,"column":4},"end":{"line":84,"column":5}},"18":{"start":{"line":79,"column":23},"end":{"line":79,"column":73}},"19":{"start":{"line":80,"column":6},"end":{"line":80,"column":27}},"20":{"start":{"line":83,"column":6},"end":{"line":83,"column":25}},"21":{"start":{"line":88,"column":26},"end":{"line":100,"column":1}},"22":{"start":{"line":91,"column":19},"end":{"line":91,"column":30}},"23":{"start":{"line":92,"column":4},"end":{"line":98,"column":5}},"24":{"start":{"line":93,"column":23},"end":{"line":93,"column":63}},"25":{"start":{"line":94,"column":6},"end":{"line":94,"column":55}},"26":{"start":{"line":94,"column":36},"end":{"line":94,"column":55}},"27":{"start":{"line":95,"column":6},"end":{"line":95,"column":60}},"28":{"start":{"line":97,"column":6},"end":{"line":97,"column":25}},"29":{"start":{"line":102,"column":26},"end":{"line":213,"column":2}},"30":{"start":{"line":134,"column":35},"end":{"line":134,"column":49}},"31":{"start":{"line":136,"column":27},"end":{"line":136,"column":49}},"32":{"start":{"line":137,"column":6},"end":{"line":139,"column":7}},"33":{"start":{"line":138,"column":8},"end":{"line":138,"column":43}},"34":{"start":{"line":142,"column":6},"end":{"line":142,"column":36}},"35":{"start":{"line":146,"column":4},"end":{"line":211,"column":9}},"36":{"start":{"line":148,"column":8},"end":{"line":148,"column":33}},"37":{"start":{"line":151,"column":8},"end":{"line":151,"column":35}},"38":{"start":{"line":152,"column":18},"end":{"line":152,"column":19}},"39":{"start":{"line":153,"column":27},"end":{"line":165,"column":10}},"40":{"start":{"line":154,"column":10},"end":{"line":156,"column":27}},"41":{"start":{"line":157,"column":10},"end":{"line":163,"column":12}},"42":{"start":{"line":164,"column":10},"end":{"line":164,"column":22}},"43":{"start":{"line":168,"column":7},"end":{"line":168,"column":49}},"44":{"start":{"line":171,"column":8},"end":{"line":171,"column":32}},"45":{"start":{"line":172,"column":8},"end":{"line":172,"column":43}},"46":{"start":{"line":175,"column":8},"end":{"line":175,"column":62}},"47":{"start":{"line":176,"column":8},"end":{"line":176,"column":55}},"48":{"start":{"line":177,"column":8},"end":{"line":183,"column":10}},"49":{"start":{"line":185,"column":8},"end":{"line":185,"column":50}},"50":{"start":{"line":189,"column":8},"end":{"line":193,"column":9}},"51":{"start":{"line":190,"column":10},"end":{"line":190,"column":51}},"52":{"start":{"line":191,"column":10},"end":{"line":191,"column":38}},"53":{"start":{"line":192,"column":10},"end":{"line":192,"column":17}},"54":{"start":{"line":195,"column":11},"end":{"line":195,"column":58}},"55":{"start":{"line":199,"column":8},"end":{"line":199,"column":53}},"56":{"start":{"line":202,"column":8},"end":{"line":206,"column":9}},"57":{"start":{"line":203,"column":10},"end":{"line":203,"column":51}},"58":{"start":{"line":204,"column":10},"end":{"line":204,"column":38}},"59":{"start":{"line":205,"column":10},"end":{"line":205,"column":17}},"60":{"start":{"line":207,"column":23},"end":{"line":207,"column":37}},"61":{"start":{"line":210,"column":8},"end":{"line":210,"column":41}},"62":{"start":{"line":215,"column":59},"end":{"line":215,"column":77}},"63":{"start":{"line":223,"column":4},"end":{"line":223,"column":53}},"64":{"start":{"line":223,"column":41},"end":{"line":223,"column":52}},"65":{"start":{"line":226,"column":30},"end":{"line":226,"column":59}},"66":{"start":{"line":226,"column":41},"end":{"line":226,"column":59}},"67":{"start":{"line":227,"column":29},"end":{"line":227,"column":57}},"68":{"start":{"line":227,"column":40},"end":{"line":227,"column":57}},"69":{"start":{"line":228,"column":24},"end":{"line":228,"column":52}},"70":{"start":{"line":228,"column":35},"end":{"line":228,"column":52}},"71":{"start":{"line":233,"column":33},"end":{"line":236,"column":1}},"72":{"start":{"line":234,"column":38},"end":{"line":234,"column":44}},"73":{"start":{"line":235,"column":21},"end":{"line":235,"column":67}},"74":{"start":{"line":235,"column":44},"end":{"line":235,"column":66}}},"fnMap":{"0":{"name":"(anonymous_0)","decl":{"start":{"line":42,"column":16},"end":{"line":42,"column":17}},"loc":{"start":{"line":42,"column":26},"end":{"line":42,"column":54}},"line":42},"1":{"name":"(anonymous_1)","decl":{"start":{"line":52,"column":63},"end":{"line":52,"column":64}},"loc":{"start":{"line":52,"column":75},"end":{"line":59,"column":1}},"line":52},"2":{"name":"(anonymous_2)","decl":{"start":{"line":63,"column":2},"end":{"line":63,"column":3}},"loc":{"start":{"line":63,"column":25},"end":{"line":71,"column":3}},"line":63},"3":{"name":"(anonymous_3)","decl":{"start":{"line":76,"column":2},"end":{"line":76,"column":3}},"loc":{"start":{"line":76,"column":25},"end":{"line":85,"column":3}},"line":76},"4":{"name":"(anonymous_4)","decl":{"start":{"line":90,"column":2},"end":{"line":90,"column":3}},"loc":{"start":{"line":90,"column":25},"end":{"line":99,"column":3}},"line":90},"5":{"name":"(anonymous_5)","decl":{"start":{"line":133,"column":19},"end":{"line":133,"column":20}},"loc":{"start":{"line":133,"column":38},"end":{"line":140,"column":5}},"line":133},"6":{"name":"(anonymous_6)","decl":{"start":{"line":141,"column":4},"end":{"line":141,"column":5}},"loc":{"start":{"line":141,"column":33},"end":{"line":143,"column":5}},"line":141},"7":{"name":"(anonymous_7)","decl":{"start":{"line":145,"column":17},"end":{"line":145,"column":18}},"loc":{"start":{"line":145,"column":30},"end":{"line":212,"column":3}},"line":145},"8":{"name":"(anonymous_8)","decl":{"start":{"line":147,"column":35},"end":{"line":147,"column":36}},"loc":{"start":{"line":147,"column":54},"end":{"line":149,"column":7}},"line":147},"9":{"name":"(anonymous_9)","decl":{"start":{"line":150,"column":37},"end":{"line":150,"column":38}},"loc":{"start":{"line":150,"column":56},"end":{"line":169,"column":5}},"line":150},"10":{"name":"(anonymous_10)","decl":{"start":{"line":153,"column":46},"end":{"line":153,"column":47}},"loc":{"start":{"line":153,"column":56},"end":{"line":165,"column":9}},"line":153},"11":{"name":"(anonymous_11)","decl":{"start":{"line":170,"column":36},"end":{"line":170,"column":37}},"loc":{"start":{"line":170,"column":55},"end":{"line":173,"column":7}},"line":170},"12":{"name":"(anonymous_12)","decl":{"start":{"line":174,"column":37},"end":{"line":174,"column":38}},"loc":{"start":{"line":174,"column":56},"end":{"line":186,"column":7}},"line":174},"13":{"name":"(anonymous_13)","decl":{"start":{"line":188,"column":37},"end":{"line":188,"column":38}},"loc":{"start":{"line":188,"column":56},"end":{"line":200,"column":7}},"line":188},"14":{"name":"(anonymous_14)","decl":{"start":{"line":201,"column":37},"end":{"line":201,"column":38}},"loc":{"start":{"line":201,"column":56},"end":{"line":211,"column":7}},"line":201},"15":{"name":"(anonymous_15)","decl":{"start":{"line":223,"column":30},"end":{"line":223,"column":31}},"loc":{"start":{"line":223,"column":41},"end":{"line":223,"column":52}},"line":223},"16":{"name":"(anonymous_16)","decl":{"start":{"line":226,"column":30},"end":{"line":226,"column":31}},"loc":{"start":{"line":226,"column":41},"end":{"line":226,"column":59}},"line":226},"17":{"name":"(anonymous_17)","decl":{"start":{"line":227,"column":29},"end":{"line":227,"column":30}},"loc":{"start":{"line":227,"column":40},"end":{"line":227,"column":57}},"line":227},"18":{"name":"(anonymous_18)","decl":{"start":{"line":228,"column":24},"end":{"line":228,"column":25}},"loc":{"start":{"line":228,"column":35},"end":{"line":228,"column":52}},"line":228},"19":{"name":"(anonymous_19)","decl":{"start":{"line":234,"column":19},"end":{"line":234,"column":20}},"loc":{"start":{"line":234,"column":38},"end":{"line":234,"column":44}},"line":234},"20":{"name":"(anonymous_20)","decl":{"start":{"line":235,"column":2},"end":{"line":235,"column":3}},"loc":{"start":{"line":235,"column":21},"end":{"line":235,"column":67}},"line":235},"21":{"name":"(anonymous_21)","decl":{"start":{"line":235,"column":34},"end":{"line":235,"column":35}},"loc":{"start":{"line":235,"column":44},"end":{"line":235,"column":66}},"line":235}},"branchMap":{"0":{"loc":{"start":{"line":94,"column":6},"end":{"line":94,"column":55}},"type":"if","locations":[{"start":{"line":94,"column":6},"end":{"line":94,"column":55}},{"start":{},"end":{}}],"line":94},"1":{"loc":{"start":{"line":137,"column":6},"end":{"line":139,"column":7}},"type":"if","locations":[{"start":{"line":137,"column":6},"end":{"line":139,"column":7}},{"start":{},"end":{}}],"line":137},"2":{"loc":{"start":{"line":189,"column":8},"end":{"line":193,"column":9}},"type":"if","locations":[{"start":{"line":189,"column":8},"end":{"line":193,"column":9}},{"start":{},"end":{}}],"line":189},"3":{"loc":{"start":{"line":202,"column":8},"end":{"line":206,"column":9}},"type":"if","locations":[{"start":{"line":202,"column":8},"end":{"line":206,"column":9}},{"start":{},"end":{}}],"line":202}},"s":{"0":0,"1":0,"2":0,"3":0,"4":0,"5":0,"6":0,"7":0,"8":0,"9":0,"10":0,"11":0,"12":0,"13":0,"14":0,"15":0,"16":0,"17":0,"18":0,"19":0,"20":0,"21":0,"22":0,"23":0,"24":0,"25":0,"26":0,"27":0,"28":0,"29":0,"30":0,"31":0,"32":0,"33":0,"34":0,"35":0,"36":0,"37":0,"38":0,"39":0,"40":0,"41":0,"42":0,"43":0,"44":0,"45":0,"46":0,"47":0,"48":0,"49":0,"50":0,"51":0,"52":0,"53":0,"54":0,"55":0,"56":0,"57":0,"58":0,"59":0,"60":0,"61":0,"62":0,"63":0,"64":0,"65":0,"66":0,"67":0,"68":0,"69":0,"70":0,"71":0,"72":0,"73":0,"74":0},"f":{"0":0,"1":0,"2":0,"3":0,"4":0,"5":0,"6":0,"7":0,"8":0,"9":0,"10":0,"11":0,"12":0,"13":0,"14":0,"15":0,"16":0,"17":0,"18":0,"19":0,"20":0,"21":0},"b":{"0":[0,0],"1":[0,0],"2":[0,0],"3":[0,0]}}
,"D:\\CODEBLACK\\Practice\\login-app\\src\\features\\todo\\TodoList.jsx": {"path":"D:\\CODEBLACK\\Practice\\login-app\\src\\features\\todo\\TodoList.jsx","statementMap":{"0":{"start":{"line":33,"column":22},"end":{"line":50,"column":1}},"1":{"start":{"line":52,"column":17},"end":{"line":284,"column":1}},"2":{"start":{"line":53,"column":32},"end":{"line":53,"column":44}},"3":{"start":{"line":61,"column":6},"end":{"line":61,"column":24}},"4":{"start":{"line":63,"column":20},"end":{"line":75,"column":4}},"5":{"start":{"line":65,"column":24},"end":{"line":65,"column":26}},"6":{"start":{"line":66,"column":6},"end":{"line":70,"column":7}},"7":{"start":{"line":67,"column":8},"end":{"line":69,"column":9}},"8":{"start":{"line":68,"column":10},"end":{"line":68,"column":46}},"9":{"start":{"line":71,"column":6},"end":{"line":73,"column":8}},"10":{"start":{"line":76,"column":20},"end":{"line":76,"column":40}},"11":{"start":{"line":77,"column":23},"end":{"line":77,"column":46}},"12":{"start":{"line":78,"column":23},"end":{"line":78,"column":46}},"13":{"start":{"line":79,"column":26},"end":{"line":79,"column":52}},"14":{"start":{"line":81,"column":23},"end":{"line":99,"column":3}},"15":{"start":{"line":82,"column":4},"end":{"line":82,"column":23}},"16":{"start":{"line":85,"column":4},"end":{"line":85,"column":54}},"17":{"start":{"line":86,"column":4},"end":{"line":98,"column":5}},"18":{"start":{"line":87,"column":6},"end":{"line":93,"column":18}},"19":{"start":{"line":95,"column":6},"end":{"line":95,"column":21}},"20":{"start":{"line":97,"column":6},"end":{"line":97,"column":52}},"21":{"start":{"line":100,"column":29},"end":{"line":111,"column":3}},"22":{"start":{"line":101,"column":4},"end":{"line":101,"column":23}},"23":{"start":{"line":103,"column":4},"end":{"line":110,"column":5}},"24":{"start":{"line":104,"column":6},"end":{"line":107,"column":18}},"25":{"start":{"line":109,"column":6},"end":{"line":109,"column":52}},"26":{"start":{"line":112,"column":32},"end":{"line":123,"column":3}},"27":{"start":{"line":113,"column":4},"end":{"line":113,"column":23}},"28":{"start":{"line":115,"column":4},"end":{"line":122,"column":5}},"29":{"start":{"line":116,"column":6},"end":{"line":119,"column":18}},"30":{"start":{"line":121,"column":6},"end":{"line":121,"column":52}},"31":{"start":{"line":124,"column":29},"end":{"line":132,"column":3}},"32":{"start":{"line":125,"column":4},"end":{"line":125,"column":23}},"33":{"start":{"line":126,"column":4},"end":{"line":126,"column":40}},"34":{"start":{"line":127,"column":4},"end":{"line":131,"column":5}},"35":{"start":{"line":128,"column":6},"end":{"line":128,"column":48}},"36":{"start":{"line":130,"column":6},"end":{"line":130,"column":52}},"37":{"start":{"line":133,"column":34},"end":{"line":133,"column":51}},"38":{"start":{"line":136,"column":4},"end":{"line":174,"column":11}},"39":{"start":{"line":144,"column":27},"end":{"line":144,"column":53}},"40":{"start":{"line":168,"column":12},"end":{"line":168,"column":39}},"41":{"start":{"line":178,"column":2},"end":{"line":275,"column":3}},"42":{"start":{"line":179,"column":4},"end":{"line":186,"column":7}},"43":{"start":{"line":180,"column":6},"end":{"line":185,"column":16}},"44":{"start":{"line":187,"column":9},"end":{"line":275,"column":3}},"45":{"start":{"line":188,"column":4},"end":{"line":272,"column":9}},"46":{"start":{"line":191,"column":8},"end":{"line":201,"column":9}},"47":{"start":{"line":192,"column":10},"end":{"line":192,"column":20}},"48":{"start":{"line":195,"column":13},"end":{"line":201,"column":9}},"49":{"start":{"line":196,"column":10},"end":{"line":196,"column":19}},"50":{"start":{"line":200,"column":10},"end":{"line":200,"column":19}},"51":{"start":{"line":205,"column":10},"end":{"line":211,"column":18}},"52":{"start":{"line":212,"column":8},"end":{"line":214,"column":9}},"53":{"start":{"line":213,"column":10},"end":{"line":213,"column":36}},"54":{"start":{"line":215,"column":8},"end":{"line":217,"column":9}},"55":{"start":{"line":216,"column":10},"end":{"line":216,"column":45}},"56":{"start":{"line":219,"column":8},"end":{"line":219,"column":20}},"57":{"start":{"line":223,"column":8},"end":{"line":271,"column":10}},"58":{"start":{"line":228,"column":35},"end":{"line":228,"column":62}},"59":{"start":{"line":256,"column":38},"end":{"line":256,"column":68}},"60":{"start":{"line":263,"column":38},"end":{"line":263,"column":65}},"61":{"start":{"line":273,"column":9},"end":{"line":275,"column":3}},"62":{"start":{"line":274,"column":4},"end":{"line":274,"column":29}},"63":{"start":{"line":277,"column":2},"end":{"line":283,"column":4}}},"fnMap":{"0":{"name":"(anonymous_0)","decl":{"start":{"line":52,"column":17},"end":{"line":52,"column":18}},"loc":{"start":{"line":52,"column":23},"end":{"line":284,"column":1}},"line":52},"1":{"name":"(anonymous_1)","decl":{"start":{"line":64,"column":22},"end":{"line":64,"column":23}},"loc":{"start":{"line":64,"column":36},"end":{"line":74,"column":5}},"line":64},"2":{"name":"(anonymous_2)","decl":{"start":{"line":81,"column":23},"end":{"line":81,"column":24}},"loc":{"start":{"line":81,"column":36},"end":{"line":99,"column":3}},"line":81},"3":{"name":"(anonymous_3)","decl":{"start":{"line":100,"column":29},"end":{"line":100,"column":30}},"loc":{"start":{"line":100,"column":53},"end":{"line":111,"column":3}},"line":100},"4":{"name":"(anonymous_4)","decl":{"start":{"line":112,"column":32},"end":{"line":112,"column":33}},"loc":{"start":{"line":112,"column":56},"end":{"line":123,"column":3}},"line":112},"5":{"name":"(anonymous_5)","decl":{"start":{"line":124,"column":29},"end":{"line":124,"column":30}},"loc":{"start":{"line":124,"column":53},"end":{"line":132,"column":3}},"line":124},"6":{"name":"(anonymous_6)","decl":{"start":{"line":144,"column":20},"end":{"line":144,"column":21}},"loc":{"start":{"line":144,"column":27},"end":{"line":144,"column":53}},"line":144},"7":{"name":"(anonymous_7)","decl":{"start":{"line":167,"column":19},"end":{"line":167,"column":20}},"loc":{"start":{"line":167,"column":26},"end":{"line":169,"column":11}},"line":167},"8":{"name":"(anonymous_8)","decl":{"start":{"line":179,"column":41},"end":{"line":179,"column":42}},"loc":{"start":{"line":180,"column":6},"end":{"line":185,"column":16}},"line":180},"9":{"name":"(anonymous_9)","decl":{"start":{"line":189,"column":12},"end":{"line":189,"column":13}},"loc":{"start":{"line":189,"column":22},"end":{"line":202,"column":7}},"line":189},"10":{"name":"(anonymous_10)","decl":{"start":{"line":203,"column":14},"end":{"line":203,"column":15}},"loc":{"start":{"line":203,"column":24},"end":{"line":220,"column":7}},"line":203},"11":{"name":"(anonymous_11)","decl":{"start":{"line":221,"column":11},"end":{"line":221,"column":12}},"loc":{"start":{"line":221,"column":21},"end":{"line":272,"column":7}},"line":221},"12":{"name":"(anonymous_12)","decl":{"start":{"line":228,"column":28},"end":{"line":228,"column":29}},"loc":{"start":{"line":228,"column":35},"end":{"line":228,"column":62}},"line":228},"13":{"name":"(anonymous_13)","decl":{"start":{"line":256,"column":31},"end":{"line":256,"column":32}},"loc":{"start":{"line":256,"column":38},"end":{"line":256,"column":68}},"line":256},"14":{"name":"(anonymous_14)","decl":{"start":{"line":263,"column":31},"end":{"line":263,"column":32}},"loc":{"start":{"line":263,"column":38},"end":{"line":263,"column":65}},"line":263}},"branchMap":{"0":{"loc":{"start":{"line":67,"column":8},"end":{"line":69,"column":9}},"type":"if","locations":[{"start":{"line":67,"column":8},"end":{"line":69,"column":9}},{"start":{},"end":{}}],"line":67},"1":{"loc":{"start":{"line":172,"column":9},"end":{"line":172,"column":71}},"type":"binary-expr","locations":[{"start":{"line":172,"column":9},"end":{"line":172,"column":56}},{"start":{"line":172,"column":60},"end":{"line":172,"column":71}}],"line":172},"2":{"loc":{"start":{"line":178,"column":2},"end":{"line":275,"column":3}},"type":"if","locations":[{"start":{"line":178,"column":2},"end":{"line":275,"column":3}},{"start":{"line":187,"column":9},"end":{"line":275,"column":3}}],"line":178},"3":{"loc":{"start":{"line":187,"column":9},"end":{"line":275,"column":3}},"type":"if","locations":[{"start":{"line":187,"column":9},"end":{"line":275,"column":3}},{"start":{"line":273,"column":9},"end":{"line":275,"column":3}}],"line":187},"4":{"loc":{"start":{"line":191,"column":8},"end":{"line":201,"column":9}},"type":"if","locations":[{"start":{"line":191,"column":8},"end":{"line":201,"column":9}},{"start":{"line":195,"column":13},"end":{"line":201,"column":9}}],"line":191},"5":{"loc":{"start":{"line":191,"column":12},"end":{"line":191,"column":39}},"type":"binary-expr","locations":[{"start":{"line":191,"column":12},"end":{"line":191,"column":23}},{"start":{"line":191,"column":27},"end":{"line":191,"column":39}}],"line":191},"6":{"loc":{"start":{"line":195,"column":13},"end":{"line":201,"column":9}},"type":"if","locations":[{"start":{"line":195,"column":13},"end":{"line":201,"column":9}},{"start":{"line":199,"column":13},"end":{"line":201,"column":9}}],"line":195},"7":{"loc":{"start":{"line":195,"column":17},"end":{"line":195,"column":44}},"type":"binary-expr","locations":[{"start":{"line":195,"column":17},"end":{"line":195,"column":29}},{"start":{"line":195,"column":33},"end":{"line":195,"column":44}}],"line":195},"8":{"loc":{"start":{"line":205,"column":10},"end":{"line":211,"column":18}},"type":"cond-expr","locations":[{"start":{"line":206,"column":14},"end":{"line":206,"column":22}},{"start":{"line":207,"column":14},"end":{"line":211,"column":18}}],"line":205},"9":{"loc":{"start":{"line":207,"column":14},"end":{"line":211,"column":18}},"type":"cond-expr","locations":[{"start":{"line":208,"column":14},"end":{"line":208,"column":25}},{"start":{"line":209,"column":14},"end":{"line":211,"column":18}}],"line":207},"10":{"loc":{"start":{"line":209,"column":14},"end":{"line":211,"column":18}},"type":"cond-expr","locations":[{"start":{"line":210,"column":14},"end":{"line":210,"column":29}},{"start":{"line":211,"column":14},"end":{"line":211,"column":18}}],"line":209},"11":{"loc":{"start":{"line":212,"column":8},"end":{"line":214,"column":9}},"type":"if","locations":[{"start":{"line":212,"column":8},"end":{"line":214,"column":9}},{"start":{},"end":{}}],"line":212},"12":{"loc":{"start":{"line":212,"column":12},"end":{"line":212,"column":51}},"type":"binary-expr","locations":[{"start":{"line":212,"column":12},"end":{"line":212,"column":28}},{"start":{"line":212,"column":32},"end":{"line":212,"column":51}}],"line":212},"13":{"loc":{"start":{"line":215,"column":8},"end":{"line":217,"column":9}},"type":"if","locations":[{"start":{"line":215,"column":8},"end":{"line":217,"column":9}},{"start":{},"end":{}}],"line":215},"14":{"loc":{"start":{"line":250,"column":34},"end":{"line":250,"column":64}},"type":"cond-expr","locations":[{"start":{"line":250,"column":48},"end":{"line":250,"column":56}},{"start":{"line":250,"column":59},"end":{"line":250,"column":64}}],"line":250},"15":{"loc":{"start":{"line":254,"column":24},"end":{"line":254,"column":77}},"type":"cond-expr","locations":[{"start":{"line":254,"column":38},"end":{"line":254,"column":55}},{"start":{"line":254,"column":58},"end":{"line":254,"column":77}}],"line":254},"16":{"loc":{"start":{"line":273,"column":9},"end":{"line":275,"column":3}},"type":"if","locations":[{"start":{"line":273,"column":9},"end":{"line":275,"column":3}},{"start":{},"end":{}}],"line":273}},"s":{"0":0,"1":0,"2":0,"3":0,"4":0,"5":0,"6":0,"7":0,"8":0,"9":0,"10":0,"11":0,"12":0,"13":0,"14":0,"15":0,"16":0,"17":0,"18":0,"19":0,"20":0,"21":0,"22":0,"23":0,"24":0,"25":0,"26":0,"27":0,"28":0,"29":0,"30":0,"31":0,"32":0,"33":0,"34":0,"35":0,"36":0,"37":0,"38":0,"39":0,"40":0,"41":0,"42":0,"43":0,"44":0,"45":0,"46":0,"47":0,"48":0,"49":0,"50":0,"51":0,"52":0,"53":0,"54":0,"55":0,"56":0,"57":0,"58":0,"59":0,"60":0,"61":0,"62":0,"63":0},"f":{"0":0,"1":0,"2":0,"3":0,"4":0,"5":0,"6":0,"7":0,"8":0,"9":0,"10":0,"11":0,"12":0,"13":0,"14":0},"b":{"0":[0,0],"1":[0,0],"2":[0,0],"3":[0,0],"4":[0,0],"5":[0,0],"6":[0,0],"7":[0,0],"8":[0,0],"9":[0,0],"10":[0,0],"11":[0,0],"12":[0,0],"13":[0,0],"14":[0,0],"15":[0,0],"16":[0,0]}}
,"D:\\CODEBLACK\\Practice\\login-app\\src\\features\\todo\\todoSlice.js": {"path":"D:\\CODEBLACK\\Practice\\login-app\\src\\features\\todo\\todoSlice.js","statementMap":{"0":{"start":{"line":4,"column":20},"end":{"line":4,"column":41}},"1":{"start":{"line":6,"column":21},"end":{"line":6,"column":50}},"2":{"start":{"line":8,"column":36},"end":{"line":99,"column":2}},"3":{"start":{"line":9,"column":27},"end":{"line":98,"column":3}},"4":{"start":{"line":11,"column":19},"end":{"line":11,"column":27}},"5":{"start":{"line":13,"column":28},"end":{"line":13,"column":59}},"6":{"start":{"line":13,"column":47},"end":{"line":13,"column":58}},"7":{"start":{"line":14,"column":8},"end":{"line":14,"column":61}},"8":{"start":{"line":16,"column":44},"end":{"line":19,"column":7}},"9":{"start":{"line":18,"column":35},"end":{"line":18,"column":56}},"10":{"start":{"line":22,"column":24},"end":{"line":26,"column":7}},"11":{"start":{"line":28,"column":8},"end":{"line":28,"column":62}},"12":{"start":{"line":33,"column":24},"end":{"line":37,"column":7}},"13":{"start":{"line":39,"column":8},"end":{"line":39,"column":65}},"14":{"start":{"line":41,"column":47},"end":{"line":41,"column":78}},"15":{"start":{"line":45,"column":24},"end":{"line":49,"column":7}},"16":{"start":{"line":51,"column":8},"end":{"line":51,"column":65}},"17":{"start":{"line":53,"column":47},"end":{"line":53,"column":78}},"18":{"start":{"line":87,"column":26},"end":{"line":91,"column":7}},"19":{"start":{"line":93,"column":8},"end":{"line":93,"column":50}},"20":{"start":{"line":94,"column":8},"end":{"line":94,"column":68}},"21":{"start":{"line":96,"column":47},"end":{"line":96,"column":78}},"22":{"start":{"line":107,"column":4},"end":{"line":107,"column":24}},"23":{"start":{"line":111,"column":2},"end":{"line":111,"column":50}},"24":{"start":{"line":114,"column":23},"end":{"line":117,"column":1}},"25":{"start":{"line":116,"column":18},"end":{"line":116,"column":33}},"26":{"start":{"line":125,"column":4},"end":{"line":125,"column":78}},"27":{"start":{"line":125,"column":40},"end":{"line":125,"column":77}}},"fnMap":{"0":{"name":"(anonymous_0)","decl":{"start":{"line":9,"column":13},"end":{"line":9,"column":14}},"loc":{"start":{"line":9,"column":27},"end":{"line":98,"column":3}},"line":9},"1":{"name":"(anonymous_1)","decl":{"start":{"line":11,"column":13},"end":{"line":11,"column":14}},"loc":{"start":{"line":11,"column":19},"end":{"line":11,"column":27}},"line":11},"2":{"name":"(anonymous_2)","decl":{"start":{"line":12,"column":25},"end":{"line":12,"column":26}},"loc":{"start":{"line":12,"column":34},"end":{"line":15,"column":7}},"line":12},"3":{"name":"(anonymous_3)","decl":{"start":{"line":13,"column":37},"end":{"line":13,"column":38}},"loc":{"start":{"line":13,"column":47},"end":{"line":13,"column":58}},"line":13},"4":{"name":"(anonymous_4)","decl":{"start":{"line":16,"column":20},"end":{"line":16,"column":21}},"loc":{"start":{"line":16,"column":44},"end":{"line":19,"column":7}},"line":16},"5":{"name":"(anonymous_5)","decl":{"start":{"line":18,"column":26},"end":{"line":18,"column":27}},"loc":{"start":{"line":18,"column":35},"end":{"line":18,"column":56}},"line":18},"6":{"name":"(anonymous_6)","decl":{"start":{"line":22,"column":13},"end":{"line":22,"column":14}},"loc":{"start":{"line":22,"column":24},"end":{"line":26,"column":7}},"line":22},"7":{"name":"(anonymous_7)","decl":{"start":{"line":27,"column":25},"end":{"line":27,"column":26}},"loc":{"start":{"line":27,"column":43},"end":{"line":29,"column":7}},"line":27},"8":{"name":"(anonymous_8)","decl":{"start":{"line":33,"column":13},"end":{"line":33,"column":14}},"loc":{"start":{"line":33,"column":24},"end":{"line":37,"column":7}},"line":33},"9":{"name":"(anonymous_9)","decl":{"start":{"line":38,"column":25},"end":{"line":38,"column":26}},"loc":{"start":{"line":38,"column":43},"end":{"line":40,"column":7}},"line":38},"10":{"name":"(anonymous_10)","decl":{"start":{"line":41,"column":23},"end":{"line":41,"column":24}},"loc":{"start":{"line":41,"column":47},"end":{"line":41,"column":78}},"line":41},"11":{"name":"(anonymous_11)","decl":{"start":{"line":45,"column":13},"end":{"line":45,"column":14}},"loc":{"start":{"line":45,"column":24},"end":{"line":49,"column":7}},"line":45},"12":{"name":"(anonymous_12)","decl":{"start":{"line":50,"column":25},"end":{"line":50,"column":26}},"loc":{"start":{"line":50,"column":43},"end":{"line":52,"column":7}},"line":50},"13":{"name":"(anonymous_13)","decl":{"start":{"line":53,"column":23},"end":{"line":53,"column":24}},"loc":{"start":{"line":53,"column":47},"end":{"line":53,"column":78}},"line":53},"14":{"name":"(anonymous_14)","decl":{"start":{"line":87,"column":13},"end":{"line":87,"column":14}},"loc":{"start":{"line":87,"column":26},"end":{"line":91,"column":7}},"line":87},"15":{"name":"(anonymous_15)","decl":{"start":{"line":92,"column":25},"end":{"line":92,"column":26}},"loc":{"start":{"line":92,"column":43},"end":{"line":95,"column":7}},"line":92},"16":{"name":"(anonymous_16)","decl":{"start":{"line":96,"column":23},"end":{"line":96,"column":24}},"loc":{"start":{"line":96,"column":47},"end":{"line":96,"column":78}},"line":96},"17":{"name":"(anonymous_17)","decl":{"start":{"line":116,"column":2},"end":{"line":116,"column":3}},"loc":{"start":{"line":116,"column":18},"end":{"line":116,"column":33}},"line":116},"18":{"name":"(anonymous_18)","decl":{"start":{"line":125,"column":29},"end":{"line":125,"column":30}},"loc":{"start":{"line":125,"column":40},"end":{"line":125,"column":77}},"line":125}},"branchMap":{"0":{"loc":{"start":{"line":125,"column":40},"end":{"line":125,"column":77}},"type":"binary-expr","locations":[{"start":{"line":125,"column":40},"end":{"line":125,"column":61}},{"start":{"line":125,"column":65},"end":{"line":125,"column":77}}],"line":125}},"s":{"0":0,"1":0,"2":0,"3":0,"4":0,"5":0,"6":0,"7":0,"8":0,"9":0,"10":0,"11":0,"12":0,"13":0,"14":0,"15":0,"16":0,"17":0,"18":0,"19":0,"20":0,"21":0,"22":0,"23":0,"24":0,"25":0,"26":0,"27":0},"f":{"0":0,"1":0,"2":0,"3":0,"4":0,"5":0,"6":0,"7":0,"8":0,"9":0,"10":0,"11":0,"12":0,"13":0,"14":0,"15":0,"16":0,"17":0,"18":0},"b":{"0":[0,0]}}
,"D:\\CODEBLACK\\Practice\\login-app\\src\\features\\todo\\todoSliceOnlyUsingRTK.js": {"path":"D:\\CODEBLACK\\Practice\\login-app\\src\\features\\todo\\todoSliceOnlyUsingRTK.js","statementMap":{"0":{"start":{"line":4,"column":20},"end":{"line":4,"column":41}},"1":{"start":{"line":6,"column":21},"end":{"line":6,"column":50}},"2":{"start":{"line":8,"column":36},"end":{"line":62,"column":2}},"3":{"start":{"line":9,"column":27},"end":{"line":61,"column":3}},"4":{"start":{"line":11,"column":19},"end":{"line":11,"column":27}},"5":{"start":{"line":23,"column":24},"end":{"line":27,"column":7}},"6":{"start":{"line":36,"column":24},"end":{"line":40,"column":7}},"7":{"start":{"line":50,"column":26},"end":{"line":54,"column":7}},"8":{"start":{"line":69,"column":4},"end":{"line":69,"column":24}},"9":{"start":{"line":73,"column":2},"end":{"line":73,"column":50}},"10":{"start":{"line":76,"column":23},"end":{"line":79,"column":1}},"11":{"start":{"line":78,"column":18},"end":{"line":78,"column":33}},"12":{"start":{"line":87,"column":4},"end":{"line":87,"column":78}},"13":{"start":{"line":87,"column":40},"end":{"line":87,"column":77}}},"fnMap":{"0":{"name":"(anonymous_0)","decl":{"start":{"line":9,"column":13},"end":{"line":9,"column":14}},"loc":{"start":{"line":9,"column":27},"end":{"line":61,"column":3}},"line":9},"1":{"name":"(anonymous_1)","decl":{"start":{"line":11,"column":13},"end":{"line":11,"column":14}},"loc":{"start":{"line":11,"column":19},"end":{"line":11,"column":27}},"line":11},"2":{"name":"(anonymous_2)","decl":{"start":{"line":23,"column":13},"end":{"line":23,"column":14}},"loc":{"start":{"line":23,"column":24},"end":{"line":27,"column":7}},"line":23},"3":{"name":"(anonymous_3)","decl":{"start":{"line":36,"column":13},"end":{"line":36,"column":14}},"loc":{"start":{"line":36,"column":24},"end":{"line":40,"column":7}},"line":36},"4":{"name":"(anonymous_4)","decl":{"start":{"line":50,"column":13},"end":{"line":50,"column":14}},"loc":{"start":{"line":50,"column":26},"end":{"line":54,"column":7}},"line":50},"5":{"name":"(anonymous_5)","decl":{"start":{"line":78,"column":2},"end":{"line":78,"column":3}},"loc":{"start":{"line":78,"column":18},"end":{"line":78,"column":33}},"line":78},"6":{"name":"(anonymous_6)","decl":{"start":{"line":87,"column":29},"end":{"line":87,"column":30}},"loc":{"start":{"line":87,"column":40},"end":{"line":87,"column":77}},"line":87}},"branchMap":{"0":{"loc":{"start":{"line":87,"column":40},"end":{"line":87,"column":77}},"type":"binary-expr","locations":[{"start":{"line":87,"column":40},"end":{"line":87,"column":61}},{"start":{"line":87,"column":65},"end":{"line":87,"column":77}}],"line":87}},"s":{"0":0,"1":0,"2":0,"3":0,"4":0,"5":0,"6":0,"7":0,"8":0,"9":0,"10":0,"11":0,"12":0,"13":0},"f":{"0":0,"1":0,"2":0,"3":0,"4":0,"5":0,"6":0},"b":{"0":[0,0]}}
,"D:\\CODEBLACK\\Practice\\login-app\\src\\features\\users\\UserPage.jsx": {"path":"D:\\CODEBLACK\\Practice\\login-app\\src\\features\\users\\UserPage.jsx","statementMap":{"0":{"start":{"line":8,"column":17},"end":{"line":52,"column":1}},"1":{"start":{"line":9,"column":21},"end":{"line":9,"column":32}},"2":{"start":{"line":10,"column":19},"end":{"line":10,"column":32}},"3":{"start":{"line":11,"column":15},"end":{"line":11,"column":76}},"4":{"start":{"line":11,"column":38},"end":{"line":11,"column":75}},"5":{"start":{"line":13,"column":23},"end":{"line":15,"column":3}},"6":{"start":{"line":14,"column":4},"end":{"line":14,"column":44}},"7":{"start":{"line":17,"column":2},"end":{"line":51,"column":4}},"8":{"start":{"line":19,"column":29},"end":{"line":19,"column":41}},"9":{"start":{"line":34,"column":12},"end":{"line":46,"column":24}}},"fnMap":{"0":{"name":"(anonymous_0)","decl":{"start":{"line":8,"column":17},"end":{"line":8,"column":18}},"loc":{"start":{"line":8,"column":23},"end":{"line":52,"column":1}},"line":8},"1":{"name":"(anonymous_1)","decl":{"start":{"line":11,"column":27},"end":{"line":11,"column":28}},"loc":{"start":{"line":11,"column":38},"end":{"line":11,"column":75}},"line":11},"2":{"name":"(anonymous_2)","decl":{"start":{"line":13,"column":35},"end":{"line":13,"column":36}},"loc":{"start":{"line":14,"column":4},"end":{"line":14,"column":44}},"line":14},"3":{"name":"(anonymous_3)","decl":{"start":{"line":19,"column":23},"end":{"line":19,"column":24}},"loc":{"start":{"line":19,"column":29},"end":{"line":19,"column":41}},"line":19},"4":{"name":"(anonymous_4)","decl":{"start":{"line":33,"column":22},"end":{"line":33,"column":23}},"loc":{"start":{"line":34,"column":12},"end":{"line":46,"column":24}},"line":34}},"branchMap":{},"s":{"0":0,"1":0,"2":0,"3":0,"4":0,"5":0,"6":0,"7":0,"8":0,"9":0},"f":{"0":0,"1":0,"2":0,"3":0,"4":0},"b":{}}
,"D:\\CODEBLACK\\Practice\\login-app\\src\\features\\users\\UsersList.jsx": {"path":"D:\\CODEBLACK\\Practice\\login-app\\src\\features\\users\\UsersList.jsx","statementMap":{"0":{"start":{"line":5,"column":18},"end":{"line":38,"column":1}},"1":{"start":{"line":6,"column":16},"end":{"line":6,"column":43}},"2":{"start":{"line":8,"column":2},"end":{"line":37,"column":4}},"3":{"start":{"line":16,"column":10},"end":{"line":33,"column":22}}},"fnMap":{"0":{"name":"(anonymous_0)","decl":{"start":{"line":5,"column":18},"end":{"line":5,"column":19}},"loc":{"start":{"line":5,"column":24},"end":{"line":38,"column":1}},"line":5},"1":{"name":"(anonymous_1)","decl":{"start":{"line":15,"column":20},"end":{"line":15,"column":21}},"loc":{"start":{"line":16,"column":10},"end":{"line":33,"column":22}},"line":16}},"branchMap":{},"s":{"0":0,"1":0,"2":0,"3":0},"f":{"0":0,"1":0},"b":{}}
,"D:\\CODEBLACK\\Practice\\login-app\\src\\features\\users\\usersSlice.js": {"path":"D:\\CODEBLACK\\Practice\\login-app\\src\\features\\users\\usersSlice.js","statementMap":{"0":{"start":{"line":4,"column":18},"end":{"line":4,"column":62}},"1":{"start":{"line":6,"column":21},"end":{"line":6,"column":23}},"2":{"start":{"line":8,"column":26},"end":{"line":15,"column":2}},"3":{"start":{"line":9,"column":2},"end":{"line":14,"column":3}},"4":{"start":{"line":10,"column":21},"end":{"line":10,"column":47}},"5":{"start":{"line":11,"column":4},"end":{"line":11,"column":30}},"6":{"start":{"line":13,"column":4},"end":{"line":13,"column":25}},"7":{"start":{"line":17,"column":19},"end":{"line":33,"column":2}},"8":{"start":{"line":22,"column":4},"end":{"line":31,"column":7}},"9":{"start":{"line":23,"column":22},"end":{"line":29,"column":8}},"10":{"start":{"line":24,"column":8},"end":{"line":28,"column":10}},"11":{"start":{"line":30,"column":6},"end":{"line":30,"column":21}},"12":{"start":{"line":35,"column":30},"end":{"line":35,"column":52}},"13":{"start":{"line":35,"column":41},"end":{"line":35,"column":52}},"14":{"start":{"line":36,"column":30},"end":{"line":37,"column":48}},"15":{"start":{"line":37,"column":4},"end":{"line":37,"column":48}},"16":{"start":{"line":37,"column":29},"end":{"line":37,"column":47}}},"fnMap":{"0":{"name":"(anonymous_0)","decl":{"start":{"line":8,"column":63},"end":{"line":8,"column":64}},"loc":{"start":{"line":8,"column":75},"end":{"line":15,"column":1}},"line":8},"1":{"name":"(anonymous_1)","decl":{"start":{"line":21,"column":17},"end":{"line":21,"column":18}},"loc":{"start":{"line":21,"column":30},"end":{"line":32,"column":3}},"line":21},"2":{"name":"(anonymous_2)","decl":{"start":{"line":22,"column":42},"end":{"line":22,"column":43}},"loc":{"start":{"line":22,"column":61},"end":{"line":31,"column":5}},"line":22},"3":{"name":"(anonymous_3)","decl":{"start":{"line":23,"column":41},"end":{"line":23,"column":42}},"loc":{"start":{"line":23,"column":55},"end":{"line":29,"column":7}},"line":23},"4":{"name":"(anonymous_4)","decl":{"start":{"line":35,"column":30},"end":{"line":35,"column":31}},"loc":{"start":{"line":35,"column":41},"end":{"line":35,"column":52}},"line":35},"5":{"name":"(anonymous_5)","decl":{"start":{"line":36,"column":30},"end":{"line":36,"column":31}},"loc":{"start":{"line":37,"column":4},"end":{"line":37,"column":48}},"line":37},"6":{"name":"(anonymous_6)","decl":{"start":{"line":37,"column":21},"end":{"line":37,"column":22}},"loc":{"start":{"line":37,"column":29},"end":{"line":37,"column":47}},"line":37}},"branchMap":{},"s":{"0":0,"1":0,"2":0,"3":0,"4":0,"5":0,"6":0,"7":0,"8":0,"9":0,"10":0,"11":0,"12":0,"13":0,"14":0,"15":0,"16":0},"f":{"0":0,"1":0,"2":0,"3":0,"4":0,"5":0,"6":0},"b":{}}
,"D:\\CODEBLACK\\Practice\\login-app\\src\\hooks\\useAuth.js": {"path":"D:\\CODEBLACK\\Practice\\login-app\\src\\hooks\\useAuth.js","statementMap":{"0":{"start":{"line":4,"column":16},"end":{"line":6,"column":1}},"1":{"start":{"line":5,"column":2},"end":{"line":5,"column":33}}},"fnMap":{"0":{"name":"(anonymous_0)","decl":{"start":{"line":4,"column":16},"end":{"line":4,"column":17}},"loc":{"start":{"line":4,"column":22},"end":{"line":6,"column":1}},"line":4}},"branchMap":{},"s":{"0":0,"1":0},"f":{"0":0},"b":{}}
}
